{"/home/runner/work/regenfass/regenfass/installer/src/App.tsx": {"path":"/home/runner/work/regenfass/regenfass/installer/src/App.tsx","all":true,"statementMap":{"0":{"start":{"line":1,"column":0},"end":{"line":1,"column":48}},"1":{"start":{"line":2,"column":0},"end":{"line":2,"column":55}},"2":{"start":{"line":3,"column":0},"end":{"line":3,"column":51}},"3":{"start":{"line":4,"column":0},"end":{"line":4,"column":51}},"4":{"start":{"line":5,"column":0},"end":{"line":5,"column":78}},"5":{"start":{"line":6,"column":0},"end":{"line":6,"column":61}},"6":{"start":{"line":7,"column":0},"end":{"line":7,"column":57}},"7":{"start":{"line":8,"column":0},"end":{"line":8,"column":63}},"10":{"start":{"line":11,"column":0},"end":{"line":11,"column":20}},"11":{"start":{"line":12,"column":0},"end":{"line":12,"column":9}},"13":{"start":{"line":14,"column":0},"end":{"line":14,"column":13}},"15":{"start":{"line":16,"column":0},"end":{"line":16,"column":13}},"17":{"start":{"line":18,"column":0},"end":{"line":18,"column":13}},"20":{"start":{"line":21,"column":0},"end":{"line":21,"column":1}},"23":{"start":{"line":24,"column":0},"end":{"line":24,"column":34}},"24":{"start":{"line":25,"column":0},"end":{"line":25,"column":9}},"25":{"start":{"line":26,"column":0},"end":{"line":26,"column":20}},"26":{"start":{"line":27,"column":0},"end":{"line":27,"column":21}},"29":{"start":{"line":30,"column":0},"end":{"line":30,"column":1}},"31":{"start":{"line":32,"column":0},"end":{"line":32,"column":37}},"32":{"start":{"line":33,"column":0},"end":{"line":33,"column":9}},"33":{"start":{"line":34,"column":0},"end":{"line":34,"column":20}},"34":{"start":{"line":35,"column":0},"end":{"line":35,"column":24}},"37":{"start":{"line":38,"column":0},"end":{"line":38,"column":1}},"39":{"start":{"line":40,"column":0},"end":{"line":40,"column":16}},"40":{"start":{"line":41,"column":0},"end":{"line":41,"column":9}},"42":{"start":{"line":43,"column":0},"end":{"line":43,"column":22}},"43":{"start":{"line":44,"column":0},"end":{"line":44,"column":22}},"44":{"start":{"line":45,"column":0},"end":{"line":45,"column":12}},"45":{"start":{"line":46,"column":0},"end":{"line":46,"column":43}},"46":{"start":{"line":47,"column":0},"end":{"line":47,"column":67}},"47":{"start":{"line":48,"column":0},"end":{"line":48,"column":91}},"52":{"start":{"line":53,"column":0},"end":{"line":53,"column":1}},"54":{"start":{"line":55,"column":0},"end":{"line":55,"column":19}}},"s":{"0":0,"1":0,"2":0,"3":0,"4":0,"5":0,"6":0,"7":0,"10":0,"11":0,"13":0,"15":0,"17":0,"20":0,"23":0,"24":0,"25":0,"26":0,"29":0,"31":0,"32":0,"33":0,"34":0,"37":0,"39":0,"40":0,"42":0,"43":0,"44":0,"45":0,"46":0,"47":0,"52":0,"54":0},"branchMap":{"0":{"type":"branch","line":1,"loc":{"start":{"line":1,"column":1337},"end":{"line":55,"column":19}},"locations":[{"start":{"line":1,"column":1337},"end":{"line":55,"column":19}}]}},"b":{"0":[0]},"fnMap":{"0":{"name":"(empty-report)","decl":{"start":{"line":1,"column":1337},"end":{"line":55,"column":19}},"loc":{"start":{"line":1,"column":1337},"end":{"line":55,"column":19}},"line":1}},"f":{"0":0}}
,"/home/runner/work/regenfass/regenfass/installer/src/index.tsx": {"path":"/home/runner/work/regenfass/regenfass/installer/src/index.tsx","all":true,"statementMap":{"1":{"start":{"line":2,"column":0},"end":{"line":2,"column":37}},"3":{"start":{"line":4,"column":0},"end":{"line":4,"column":20}},"4":{"start":{"line":5,"column":0},"end":{"line":5,"column":23}},"7":{"start":{"line":8,"column":0},"end":{"line":8,"column":8}},"8":{"start":{"line":9,"column":0},"end":{"line":9,"column":7}},"9":{"start":{"line":10,"column":0},"end":{"line":10,"column":48}},"10":{"start":{"line":11,"column":0},"end":{"line":11,"column":103}},"11":{"start":{"line":12,"column":0},"end":{"line":12,"column":58}},"12":{"start":{"line":13,"column":0},"end":{"line":13,"column":42}},"13":{"start":{"line":14,"column":0},"end":{"line":14,"column":42}},"14":{"start":{"line":15,"column":0},"end":{"line":15,"column":66}},"15":{"start":{"line":16,"column":0},"end":{"line":16,"column":12}},"16":{"start":{"line":17,"column":0},"end":{"line":17,"column":5}},"18":{"start":{"line":19,"column":0},"end":{"line":19,"column":44}},"20":{"start":{"line":21,"column":0},"end":{"line":21,"column":28}}},"s":{"1":0,"3":0,"4":0,"7":0,"8":0,"9":0,"10":0,"11":0,"12":0,"13":0,"14":0,"15":0,"16":0,"18":0,"20":0},"branchMap":{"0":{"type":"branch","line":1,"loc":{"start":{"line":1,"column":642},"end":{"line":21,"column":28}},"locations":[{"start":{"line":1,"column":642},"end":{"line":21,"column":28}}]}},"b":{"0":[1]},"fnMap":{"0":{"name":"(empty-report)","decl":{"start":{"line":1,"column":642},"end":{"line":21,"column":28}},"loc":{"start":{"line":1,"column":642},"end":{"line":21,"column":28}},"line":1}},"f":{"0":1}}
,"/home/runner/work/regenfass/regenfass/installer/src/components/lorawan-form.tsx": {"path":"/home/runner/work/regenfass/regenfass/installer/src/components/lorawan-form.tsx","all":true,"statementMap":{"0":{"start":{"line":1,"column":0},"end":{"line":1,"column":12}},"2":{"start":{"line":3,"column":0},"end":{"line":3,"column":39}},"4":{"start":{"line":5,"column":0},"end":{"line":5,"column":27}},"5":{"start":{"line":6,"column":0},"end":{"line":6,"column":48}},"6":{"start":{"line":7,"column":0},"end":{"line":7,"column":18}},"7":{"start":{"line":8,"column":0},"end":{"line":8,"column":23}},"8":{"start":{"line":9,"column":0},"end":{"line":9,"column":15}},"9":{"start":{"line":10,"column":0},"end":{"line":10,"column":22}},"10":{"start":{"line":11,"column":0},"end":{"line":11,"column":26}},"11":{"start":{"line":12,"column":0},"end":{"line":12,"column":21}},"12":{"start":{"line":13,"column":0},"end":{"line":13,"column":4}},"14":{"start":{"line":15,"column":0},"end":{"line":15,"column":38}},"15":{"start":{"line":16,"column":0},"end":{"line":16,"column":47}},"16":{"start":{"line":17,"column":0},"end":{"line":17,"column":17}},"17":{"start":{"line":18,"column":0},"end":{"line":18,"column":20}},"18":{"start":{"line":19,"column":0},"end":{"line":19,"column":33}},"19":{"start":{"line":20,"column":0},"end":{"line":20,"column":6}},"20":{"start":{"line":21,"column":0},"end":{"line":21,"column":3}},"22":{"start":{"line":23,"column":0},"end":{"line":23,"column":38}},"23":{"start":{"line":24,"column":0},"end":{"line":24,"column":22}},"24":{"start":{"line":25,"column":0},"end":{"line":25,"column":51}},"26":{"start":{"line":27,"column":0},"end":{"line":27,"column":3}},"28":{"start":{"line":29,"column":0},"end":{"line":29,"column":10}},"32":{"start":{"line":33,"column":0},"end":{"line":33,"column":36}},"41":{"start":{"line":42,"column":0},"end":{"line":42,"column":42}},"42":{"start":{"line":43,"column":0},"end":{"line":43,"column":36}},"55":{"start":{"line":56,"column":0},"end":{"line":56,"column":47}},"56":{"start":{"line":57,"column":0},"end":{"line":57,"column":36}},"69":{"start":{"line":70,"column":0},"end":{"line":70,"column":39}},"70":{"start":{"line":71,"column":0},"end":{"line":71,"column":36}},"83":{"start":{"line":84,"column":0},"end":{"line":84,"column":46}},"84":{"start":{"line":85,"column":0},"end":{"line":85,"column":36}},"97":{"start":{"line":98,"column":0},"end":{"line":98,"column":50}},"98":{"start":{"line":99,"column":0},"end":{"line":99,"column":36}},"111":{"start":{"line":112,"column":0},"end":{"line":112,"column":46}},"112":{"start":{"line":113,"column":0},"end":{"line":113,"column":36}},"131":{"start":{"line":132,"column":0},"end":{"line":132,"column":1}},"133":{"start":{"line":134,"column":0},"end":{"line":134,"column":26}}},"s":{"0":0,"2":0,"4":0,"5":0,"6":0,"7":0,"8":0,"9":0,"10":0,"11":0,"12":0,"14":0,"15":0,"16":0,"17":0,"18":0,"19":0,"20":0,"22":0,"23":0,"24":0,"26":0,"28":0,"32":0,"41":0,"42":0,"55":0,"56":0,"69":0,"70":0,"83":0,"84":0,"97":0,"98":0,"111":0,"112":0,"131":0,"133":0},"branchMap":{"0":{"type":"branch","line":1,"loc":{"start":{"line":1,"column":4910},"end":{"line":134,"column":26}},"locations":[{"start":{"line":1,"column":4910},"end":{"line":134,"column":26}}]}},"b":{"0":[0]},"fnMap":{"0":{"name":"(empty-report)","decl":{"start":{"line":1,"column":4910},"end":{"line":134,"column":26}},"loc":{"start":{"line":1,"column":4910},"end":{"line":134,"column":26}},"line":1}},"f":{"0":0}}
,"/home/runner/work/regenfass/regenfass/installer/src/components/atoms/Badge.tsx": {"path":"/home/runner/work/regenfass/regenfass/installer/src/components/atoms/Badge.tsx","all":false,"statementMap":{"0":{"start":{"line":1,"column":0},"end":{"line":1,"column":34}},"2":{"start":{"line":3,"column":0},"end":{"line":3,"column":47}},"4":{"start":{"line":5,"column":0},"end":{"line":5,"column":38}},"6":{"start":{"line":7,"column":0},"end":{"line":7,"column":33}},"7":{"start":{"line":8,"column":0},"end":{"line":8,"column":178}},"8":{"start":{"line":9,"column":0},"end":{"line":9,"column":2}},"9":{"start":{"line":10,"column":0},"end":{"line":10,"column":13}},"10":{"start":{"line":11,"column":0},"end":{"line":11,"column":13}},"11":{"start":{"line":12,"column":0},"end":{"line":12,"column":12}},"12":{"start":{"line":13,"column":0},"end":{"line":13,"column":88}},"13":{"start":{"line":14,"column":0},"end":{"line":14,"column":14}},"14":{"start":{"line":15,"column":0},"end":{"line":15,"column":87}},"15":{"start":{"line":16,"column":0},"end":{"line":16,"column":16}},"16":{"start":{"line":17,"column":0},"end":{"line":17,"column":100}},"17":{"start":{"line":18,"column":0},"end":{"line":18,"column":31}},"18":{"start":{"line":19,"column":0},"end":{"line":19,"column":5}},"19":{"start":{"line":20,"column":0},"end":{"line":20,"column":4}},"20":{"start":{"line":21,"column":0},"end":{"line":21,"column":20}},"21":{"start":{"line":22,"column":0},"end":{"line":22,"column":22}},"22":{"start":{"line":23,"column":0},"end":{"line":23,"column":4}},"23":{"start":{"line":24,"column":0},"end":{"line":24,"column":3}},"24":{"start":{"line":25,"column":0},"end":{"line":25,"column":2}},"26":{"start":{"line":27,"column":0},"end":{"line":27,"column":22}},"27":{"start":{"line":28,"column":0},"end":{"line":28,"column":67}},"28":{"start":{"line":29,"column":0},"end":{"line":29,"column":6}},"29":{"start":{"line":30,"column":0},"end":{"line":30,"column":63}},"31":{"start":{"line":32,"column":0},"end":{"line":32,"column":9}},"33":{"start":{"line":34,"column":0},"end":{"line":34,"column":13}},"34":{"start":{"line":35,"column":0},"end":{"line":35,"column":19}},"35":{"start":{"line":36,"column":0},"end":{"line":36,"column":28}},"36":{"start":{"line":37,"column":0},"end":{"line":37,"column":7}},"37":{"start":{"line":38,"column":0},"end":{"line":38,"column":16}},"38":{"start":{"line":39,"column":0},"end":{"line":39,"column":5}},"39":{"start":{"line":40,"column":0},"end":{"line":40,"column":12}},"42":{"start":{"line":43,"column":0},"end":{"line":43,"column":2}}},"s":{"0":1,"2":1,"4":1,"6":1,"7":1,"8":1,"9":1,"10":1,"11":1,"12":1,"13":1,"14":1,"15":1,"16":1,"17":1,"18":1,"19":1,"20":1,"21":1,"22":1,"23":1,"24":1,"26":1,"27":8,"28":8,"29":8,"31":8,"33":8,"34":8,"35":8,"36":8,"37":8,"38":8,"39":8,"42":1},"branchMap":{"0":{"type":"branch","line":27,"loc":{"start":{"line":27,"column":21},"end":{"line":43,"column":1}},"locations":[{"start":{"line":27,"column":21},"end":{"line":43,"column":1}}]},"1":{"type":"branch","line":32,"loc":{"start":{"line":32,"column":1},"end":{"line":40,"column":12}},"locations":[{"start":{"line":32,"column":1},"end":{"line":40,"column":12}}]},"2":{"type":"branch","line":32,"loc":{"start":{"line":32,"column":1},"end":{"line":39,"column":5}},"locations":[{"start":{"line":32,"column":1},"end":{"line":39,"column":5}}]}},"b":{"0":[8],"1":[8],"2":[8]},"fnMap":{"0":{"name":"Badge.location","decl":{"start":{"line":27,"column":21},"end":{"line":43,"column":1}},"loc":{"start":{"line":27,"column":21},"end":{"line":43,"column":1}},"line":27}},"f":{"0":8}}
,"/home/runner/work/regenfass/regenfass/installer/src/components/atoms/Button.tsx": {"path":"/home/runner/work/regenfass/regenfass/installer/src/components/atoms/Button.tsx","all":false,"statementMap":{"0":{"start":{"line":1,"column":0},"end":{"line":1,"column":34}},"2":{"start":{"line":3,"column":0},"end":{"line":3,"column":65}},"5":{"start":{"line":6,"column":0},"end":{"line":6,"column":47}},"7":{"start":{"line":8,"column":0},"end":{"line":8,"column":38}},"9":{"start":{"line":10,"column":0},"end":{"line":10,"column":34}},"10":{"start":{"line":11,"column":0},"end":{"line":11,"column":282}},"11":{"start":{"line":12,"column":0},"end":{"line":12,"column":2}},"12":{"start":{"line":13,"column":0},"end":{"line":13,"column":13}},"13":{"start":{"line":14,"column":0},"end":{"line":14,"column":13}},"14":{"start":{"line":15,"column":0},"end":{"line":15,"column":12}},"15":{"start":{"line":16,"column":0},"end":{"line":16,"column":119}},"16":{"start":{"line":17,"column":0},"end":{"line":17,"column":16}},"17":{"start":{"line":18,"column":0},"end":{"line":18,"column":142}},"18":{"start":{"line":19,"column":0},"end":{"line":19,"column":12}},"19":{"start":{"line":20,"column":0},"end":{"line":20,"column":144}},"20":{"start":{"line":21,"column":0},"end":{"line":21,"column":14}},"21":{"start":{"line":22,"column":0},"end":{"line":22,"column":132}},"22":{"start":{"line":23,"column":0},"end":{"line":23,"column":106}},"23":{"start":{"line":24,"column":0},"end":{"line":24,"column":77}},"24":{"start":{"line":25,"column":0},"end":{"line":25,"column":5}},"25":{"start":{"line":26,"column":0},"end":{"line":26,"column":10}},"26":{"start":{"line":27,"column":0},"end":{"line":27,"column":29}},"27":{"start":{"line":28,"column":0},"end":{"line":28,"column":38}},"28":{"start":{"line":29,"column":0},"end":{"line":29,"column":31}},"29":{"start":{"line":30,"column":0},"end":{"line":30,"column":20}},"30":{"start":{"line":31,"column":0},"end":{"line":31,"column":5}},"31":{"start":{"line":32,"column":0},"end":{"line":32,"column":4}},"32":{"start":{"line":33,"column":0},"end":{"line":33,"column":20}},"33":{"start":{"line":34,"column":0},"end":{"line":34,"column":22}},"34":{"start":{"line":35,"column":0},"end":{"line":35,"column":19}},"35":{"start":{"line":36,"column":0},"end":{"line":36,"column":4}},"36":{"start":{"line":37,"column":0},"end":{"line":37,"column":3}},"37":{"start":{"line":38,"column":0},"end":{"line":38,"column":2}},"44":{"start":{"line":45,"column":0},"end":{"line":45,"column":60}},"45":{"start":{"line":46,"column":0},"end":{"line":46,"column":44}},"46":{"start":{"line":47,"column":0},"end":{"line":47,"column":6}},"47":{"start":{"line":48,"column":0},"end":{"line":48,"column":57}},"48":{"start":{"line":49,"column":0},"end":{"line":49,"column":10}},"49":{"start":{"line":50,"column":0},"end":{"line":50,"column":12}},"50":{"start":{"line":51,"column":0},"end":{"line":51,"column":9}},"51":{"start":{"line":52,"column":0},"end":{"line":52,"column":4}},"53":{"start":{"line":54,"column":0},"end":{"line":54,"column":9}},"54":{"start":{"line":55,"column":0},"end":{"line":55,"column":18}},"55":{"start":{"line":56,"column":0},"end":{"line":56,"column":13}},"56":{"start":{"line":57,"column":0},"end":{"line":57,"column":20}},"57":{"start":{"line":58,"column":0},"end":{"line":58,"column":22}},"58":{"start":{"line":59,"column":0},"end":{"line":59,"column":28}},"59":{"start":{"line":60,"column":0},"end":{"line":60,"column":7}},"60":{"start":{"line":61,"column":0},"end":{"line":61,"column":16}},"61":{"start":{"line":62,"column":0},"end":{"line":62,"column":5}},"62":{"start":{"line":63,"column":0},"end":{"line":63,"column":12}},"65":{"start":{"line":66,"column":0},"end":{"line":66,"column":2}}},"s":{"0":1,"2":1,"5":1,"7":1,"9":1,"10":1,"11":1,"12":1,"13":1,"14":1,"15":1,"16":1,"17":1,"18":1,"19":1,"20":1,"21":1,"22":1,"23":1,"24":1,"25":1,"26":1,"27":1,"28":1,"29":1,"30":1,"31":1,"32":1,"33":1,"34":1,"35":1,"36":1,"37":1,"44":1,"45":204,"46":204,"47":204,"48":204,"49":204,"50":204,"51":204,"53":204,"54":204,"55":205,"56":205,"57":205,"58":205,"59":205,"60":205,"61":205,"62":204,"65":1},"branchMap":{"0":{"type":"branch","line":45,"loc":{"start":{"line":45,"column":22},"end":{"line":66,"column":1}},"locations":[{"start":{"line":45,"column":22},"end":{"line":66,"column":1}}]},"1":{"type":"branch","line":56,"loc":{"start":{"line":56,"column":-1},"end":{"line":62,"column":5}},"locations":[{"start":{"line":56,"column":-1},"end":{"line":62,"column":5}}]}},"b":{"0":[204],"1":[205]},"fnMap":{"0":{"name":"Button.location","decl":{"start":{"line":45,"column":22},"end":{"line":66,"column":1}},"loc":{"start":{"line":45,"column":22},"end":{"line":66,"column":1}},"line":45}},"f":{"0":204}}
,"/home/runner/work/regenfass/regenfass/installer/src/components/atoms/ButtonAction.tsx": {"path":"/home/runner/work/regenfass/regenfass/installer/src/components/atoms/ButtonAction.tsx","all":false,"statementMap":{"0":{"start":{"line":1,"column":0},"end":{"line":1,"column":54}},"1":{"start":{"line":2,"column":0},"end":{"line":2,"column":55}},"2":{"start":{"line":3,"column":0},"end":{"line":3,"column":57}},"3":{"start":{"line":4,"column":0},"end":{"line":4,"column":34}},"17":{"start":{"line":18,"column":0},"end":{"line":18,"column":70}},"18":{"start":{"line":19,"column":0},"end":{"line":19,"column":110}},"20":{"start":{"line":21,"column":0},"end":{"line":21,"column":66}},"22":{"start":{"line":23,"column":0},"end":{"line":23,"column":10}},"23":{"start":{"line":24,"column":0},"end":{"line":24,"column":11}},"24":{"start":{"line":25,"column":0},"end":{"line":25,"column":15}},"25":{"start":{"line":26,"column":0},"end":{"line":26,"column":41}},"26":{"start":{"line":27,"column":0},"end":{"line":27,"column":51}},"27":{"start":{"line":28,"column":0},"end":{"line":28,"column":48}},"28":{"start":{"line":29,"column":0},"end":{"line":29,"column":16}},"29":{"start":{"line":30,"column":0},"end":{"line":30,"column":19}},"30":{"start":{"line":31,"column":0},"end":{"line":31,"column":54}},"31":{"start":{"line":32,"column":0},"end":{"line":32,"column":61}},"32":{"start":{"line":33,"column":0},"end":{"line":33,"column":20}},"33":{"start":{"line":34,"column":0},"end":{"line":34,"column":8}},"35":{"start":{"line":36,"column":0},"end":{"line":36,"column":25}},"36":{"start":{"line":37,"column":0},"end":{"line":37,"column":17}},"37":{"start":{"line":38,"column":0},"end":{"line":38,"column":20}},"38":{"start":{"line":39,"column":0},"end":{"line":39,"column":20}},"39":{"start":{"line":40,"column":0},"end":{"line":40,"column":25}},"40":{"start":{"line":41,"column":0},"end":{"line":41,"column":57}},"41":{"start":{"line":42,"column":0},"end":{"line":42,"column":12}},"43":{"start":{"line":44,"column":0},"end":{"line":44,"column":8}},"44":{"start":{"line":45,"column":0},"end":{"line":45,"column":22}},"47":{"start":{"line":48,"column":0},"end":{"line":48,"column":2}},"49":{"start":{"line":50,"column":0},"end":{"line":50,"column":28}}},"s":{"0":1,"1":1,"2":1,"3":1,"17":1,"18":16,"20":16,"22":16,"23":16,"24":16,"25":32,"26":16,"27":32,"28":16,"29":16,"30":13,"31":3,"32":16,"33":16,"35":16,"36":5,"37":5,"38":10,"39":10,"40":10,"41":10,"43":16,"44":16,"47":1,"49":1},"branchMap":{"0":{"type":"branch","line":18,"loc":{"start":{"line":18,"column":59},"end":{"line":48,"column":1}},"locations":[{"start":{"line":18,"column":59},"end":{"line":48,"column":1}}]},"1":{"type":"branch","line":21,"loc":{"start":{"line":21,"column":20},"end":{"line":21,"column":66}},"locations":[{"start":{"line":21,"column":20},"end":{"line":21,"column":66}}]},"2":{"type":"branch","line":21,"loc":{"start":{"line":21,"column":33},"end":{"line":21,"column":56}},"locations":[{"start":{"line":21,"column":33},"end":{"line":21,"column":56}}]},"3":{"type":"branch","line":25,"loc":{"start":{"line":25,"column":14},"end":{"line":26,"column":41}},"locations":[{"start":{"line":25,"column":14},"end":{"line":26,"column":41}}]},"4":{"type":"branch","line":26,"loc":{"start":{"line":26,"column":18},"end":{"line":26,"column":40}},"locations":[{"start":{"line":26,"column":18},"end":{"line":26,"column":40}}]},"5":{"type":"branch","line":26,"loc":{"start":{"line":26,"column":40},"end":{"line":27,"column":51}},"locations":[{"start":{"line":26,"column":40},"end":{"line":27,"column":51}}]},"6":{"type":"branch","line":27,"loc":{"start":{"line":27,"column":25},"end":{"line":27,"column":41}},"locations":[{"start":{"line":27,"column":25},"end":{"line":27,"column":41}}]},"7":{"type":"branch","line":27,"loc":{"start":{"line":27,"column":29},"end":{"line":27,"column":50}},"locations":[{"start":{"line":27,"column":29},"end":{"line":27,"column":50}}]},"8":{"type":"branch","line":27,"loc":{"start":{"line":27,"column":50},"end":{"line":28,"column":48}},"locations":[{"start":{"line":27,"column":50},"end":{"line":28,"column":48}}]},"9":{"type":"branch","line":28,"loc":{"start":{"line":28,"column":22},"end":{"line":28,"column":47}},"locations":[{"start":{"line":28,"column":22},"end":{"line":28,"column":47}}]},"10":{"type":"branch","line":28,"loc":{"start":{"line":28,"column":47},"end":{"line":34,"column":8}},"locations":[{"start":{"line":28,"column":47},"end":{"line":34,"column":8}}]},"11":{"type":"branch","line":30,"loc":{"start":{"line":30,"column":18},"end":{"line":31,"column":54}},"locations":[{"start":{"line":30,"column":18},"end":{"line":31,"column":54}}]},"12":{"type":"branch","line":31,"loc":{"start":{"line":31,"column":12},"end":{"line":32,"column":61}},"locations":[{"start":{"line":31,"column":12},"end":{"line":32,"column":61}}]},"13":{"type":"branch","line":34,"loc":{"start":{"line":34,"column":7},"end":{"line":45,"column":22}},"locations":[{"start":{"line":34,"column":7},"end":{"line":45,"column":22}}]},"14":{"type":"branch","line":34,"loc":{"start":{"line":34,"column":7},"end":{"line":42,"column":12}},"locations":[{"start":{"line":34,"column":7},"end":{"line":42,"column":12}}]},"15":{"type":"branch","line":36,"loc":{"start":{"line":36,"column":20},"end":{"line":42,"column":12}},"locations":[{"start":{"line":36,"column":20},"end":{"line":42,"column":12}}]},"16":{"type":"branch","line":36,"loc":{"start":{"line":36,"column":7},"end":{"line":36,"column":20}},"locations":[{"start":{"line":36,"column":7},"end":{"line":36,"column":20}}]},"17":{"type":"branch","line":38,"loc":{"start":{"line":38,"column":14},"end":{"line":42,"column":12}},"locations":[{"start":{"line":38,"column":14},"end":{"line":42,"column":12}}]},"18":{"type":"branch","line":41,"loc":{"start":{"line":41,"column":22},"end":{"line":41,"column":41}},"locations":[{"start":{"line":41,"column":22},"end":{"line":41,"column":41}}]},"19":{"type":"branch","line":41,"loc":{"start":{"line":41,"column":26},"end":{"line":41,"column":57}},"locations":[{"start":{"line":41,"column":26},"end":{"line":41,"column":57}}]},"20":{"type":"branch","line":44,"loc":{"start":{"line":44,"column":7},"end":{"line":45,"column":21}},"locations":[{"start":{"line":44,"column":7},"end":{"line":45,"column":21}}]}},"b":{"0":[16],"1":[42],"2":[34],"3":[32],"4":[28],"5":[16],"6":[13],"7":[3],"8":[32],"9":[22],"10":[16],"11":[13],"12":[3],"13":[16],"14":[16],"15":[5],"16":[16],"17":[10],"18":[8],"19":[2],"20":[16]},"fnMap":{"0":{"name":"ButtonAction.location","decl":{"start":{"line":18,"column":59},"end":{"line":48,"column":1}},"loc":{"start":{"line":18,"column":59},"end":{"line":48,"column":1}},"line":18},"1":{"name":"isPrimary","decl":{"start":{"line":21,"column":20},"end":{"line":21,"column":66}},"loc":{"start":{"line":21,"column":20},"end":{"line":21,"column":66}},"line":21},"2":{"name":"get type","decl":{"start":{"line":25,"column":14},"end":{"line":26,"column":41}},"loc":{"start":{"line":25,"column":14},"end":{"line":26,"column":41}},"line":25},"3":{"name":"get variant","decl":{"start":{"line":26,"column":40},"end":{"line":27,"column":51}},"loc":{"start":{"line":26,"column":40},"end":{"line":27,"column":51}},"line":26},"4":{"name":"get disabled","decl":{"start":{"line":27,"column":50},"end":{"line":28,"column":48}},"loc":{"start":{"line":27,"column":50},"end":{"line":28,"column":48}},"line":27},"5":{"name":"get children","decl":{"start":{"line":34,"column":7},"end":{"line":45,"column":22}},"loc":{"start":{"line":34,"column":7},"end":{"line":45,"column":22}},"line":34}},"f":{"0":16,"1":42,"2":32,"3":16,"4":32,"5":16}}
,"/home/runner/work/regenfass/regenfass/installer/src/components/atoms/ButtonModeToggle.tsx": {"path":"/home/runner/work/regenfass/regenfass/installer/src/components/atoms/ButtonModeToggle.tsx","all":false,"statementMap":{"0":{"start":{"line":1,"column":0},"end":{"line":1,"column":55}},"1":{"start":{"line":2,"column":0},"end":{"line":2,"column":41}},"2":{"start":{"line":3,"column":0},"end":{"line":3,"column":56}},"4":{"start":{"line":5,"column":0},"end":{"line":5,"column":36}},"5":{"start":{"line":6,"column":0},"end":{"line":6,"column":52}},"7":{"start":{"line":8,"column":0},"end":{"line":8,"column":23}},"8":{"start":{"line":9,"column":0},"end":{"line":9,"column":58}},"9":{"start":{"line":10,"column":0},"end":{"line":10,"column":21}},"10":{"start":{"line":11,"column":0},"end":{"line":11,"column":33}},"11":{"start":{"line":12,"column":0},"end":{"line":12,"column":40}},"12":{"start":{"line":13,"column":0},"end":{"line":13,"column":40}},"13":{"start":{"line":14,"column":0},"end":{"line":14,"column":64}},"14":{"start":{"line":15,"column":0},"end":{"line":15,"column":7}},"15":{"start":{"line":16,"column":0},"end":{"line":16,"column":60}},"16":{"start":{"line":17,"column":0},"end":{"line":17,"column":12}},"17":{"start":{"line":18,"column":0},"end":{"line":18,"column":3}},"19":{"start":{"line":20,"column":0},"end":{"line":20,"column":9}},"20":{"start":{"line":21,"column":0},"end":{"line":21,"column":9}},"21":{"start":{"line":22,"column":0},"end":{"line":22,"column":18}},"22":{"start":{"line":23,"column":0},"end":{"line":23,"column":14}},"24":{"start":{"line":25,"column":0},"end":{"line":25,"column":19}},"28":{"start":{"line":29,"column":0},"end":{"line":29,"column":8}},"29":{"start":{"line":30,"column":0},"end":{"line":30,"column":14}},"31":{"start":{"line":32,"column":0},"end":{"line":32,"column":29}},"32":{"start":{"line":33,"column":0},"end":{"line":33,"column":41}},"33":{"start":{"line":34,"column":0},"end":{"line":34,"column":42}},"34":{"start":{"line":35,"column":0},"end":{"line":35,"column":60}},"37":{"start":{"line":38,"column":0},"end":{"line":38,"column":9}},"38":{"start":{"line":39,"column":0},"end":{"line":39,"column":14}},"40":{"start":{"line":41,"column":0},"end":{"line":41,"column":30}},"41":{"start":{"line":42,"column":0},"end":{"line":42,"column":41}},"42":{"start":{"line":43,"column":0},"end":{"line":43,"column":41}},"43":{"start":{"line":44,"column":0},"end":{"line":44,"column":60}},"49":{"start":{"line":50,"column":0},"end":{"line":50,"column":1}}},"s":{"0":1,"1":1,"2":1,"4":1,"5":15,"7":15,"8":6,"9":6,"10":6,"11":6,"12":6,"13":6,"14":6,"15":6,"16":6,"17":6,"19":15,"20":15,"21":15,"22":15,"24":15,"28":15,"29":15,"31":42,"32":10,"33":32,"34":42,"37":15,"38":15,"40":42,"41":32,"42":10,"43":42,"49":15},"branchMap":{"0":{"type":"branch","line":5,"loc":{"start":{"line":5,"column":32},"end":{"line":50,"column":1}},"locations":[{"start":{"line":5,"column":32},"end":{"line":50,"column":1}}]},"1":{"type":"branch","line":8,"loc":{"start":{"line":8,"column":16},"end":{"line":18,"column":3}},"locations":[{"start":{"line":8,"column":16},"end":{"line":18,"column":3}}]},"2":{"type":"branch","line":9,"loc":{"start":{"line":9,"column":31},"end":{"line":9,"column":50}},"locations":[{"start":{"line":9,"column":31},"end":{"line":9,"column":50}}]},"3":{"type":"branch","line":9,"loc":{"start":{"line":9,"column":41},"end":{"line":9,"column":58}},"locations":[{"start":{"line":9,"column":41},"end":{"line":9,"column":58}}]},"4":{"type":"branch","line":14,"loc":{"start":{"line":14,"column":37},"end":{"line":14,"column":55}},"locations":[{"start":{"line":14,"column":37},"end":{"line":14,"column":55}}]},"5":{"type":"branch","line":14,"loc":{"start":{"line":14,"column":46},"end":{"line":14,"column":62}},"locations":[{"start":{"line":14,"column":46},"end":{"line":14,"column":62}}]},"6":{"type":"branch","line":16,"loc":{"start":{"line":16,"column":33},"end":{"line":16,"column":51}},"locations":[{"start":{"line":16,"column":33},"end":{"line":16,"column":51}}]},"7":{"type":"branch","line":16,"loc":{"start":{"line":16,"column":42},"end":{"line":16,"column":58}},"locations":[{"start":{"line":16,"column":42},"end":{"line":16,"column":58}}]},"8":{"type":"branch","line":17,"loc":{"start":{"line":17,"column":2},"end":{"line":17,"column":12}},"locations":[{"start":{"line":17,"column":2},"end":{"line":17,"column":12}}]},"9":{"type":"branch","line":25,"loc":{"start":{"line":25,"column":18},"end":{"line":44,"column":60}},"locations":[{"start":{"line":25,"column":18},"end":{"line":44,"column":60}}]},"10":{"type":"branch","line":30,"loc":{"start":{"line":30,"column":13},"end":{"line":35,"column":60}},"locations":[{"start":{"line":30,"column":13},"end":{"line":35,"column":60}}]},"11":{"type":"branch","line":32,"loc":{"start":{"line":32,"column":23},"end":{"line":33,"column":41}},"locations":[{"start":{"line":32,"column":23},"end":{"line":33,"column":41}}]},"12":{"type":"branch","line":33,"loc":{"start":{"line":33,"column":9},"end":{"line":34,"column":42}},"locations":[{"start":{"line":33,"column":9},"end":{"line":34,"column":42}}]},"13":{"type":"branch","line":39,"loc":{"start":{"line":39,"column":13},"end":{"line":44,"column":60}},"locations":[{"start":{"line":39,"column":13},"end":{"line":44,"column":60}}]},"14":{"type":"branch","line":41,"loc":{"start":{"line":41,"column":23},"end":{"line":42,"column":41}},"locations":[{"start":{"line":41,"column":23},"end":{"line":42,"column":41}}]},"15":{"type":"branch","line":42,"loc":{"start":{"line":42,"column":9},"end":{"line":43,"column":41}},"locations":[{"start":{"line":42,"column":9},"end":{"line":43,"column":41}}]}},"b":{"0":[15],"1":[6],"2":[5],"3":[1],"4":[5],"5":[1],"6":[5],"7":[1],"8":[1],"9":[15],"10":[42],"11":[10],"12":[32],"13":[42],"14":[32],"15":[10]},"fnMap":{"0":{"name":"ButtonModeToggle2","decl":{"start":{"line":5,"column":32},"end":{"line":50,"column":1}},"loc":{"start":{"line":5,"column":32},"end":{"line":50,"column":1}},"line":5},"1":{"name":"toggle","decl":{"start":{"line":8,"column":16},"end":{"line":18,"column":3}},"loc":{"start":{"line":8,"column":16},"end":{"line":18,"column":3}},"line":8},"2":{"name":"get children","decl":{"start":{"line":25,"column":18},"end":{"line":44,"column":60}},"loc":{"start":{"line":25,"column":18},"end":{"line":44,"column":60}},"line":25}},"f":{"0":15,"1":6,"2":15}}
,"/home/runner/work/regenfass/regenfass/installer/src/components/atoms/ButtonPrimary.tsx": {"path":"/home/runner/work/regenfass/regenfass/installer/src/components/atoms/ButtonPrimary.tsx","all":false,"statementMap":{"0":{"start":{"line":1,"column":0},"end":{"line":1,"column":54}},"1":{"start":{"line":2,"column":0},"end":{"line":2,"column":55}},"2":{"start":{"line":3,"column":0},"end":{"line":3,"column":57}},"3":{"start":{"line":4,"column":0},"end":{"line":4,"column":34}},"10":{"start":{"line":11,"column":0},"end":{"line":11,"column":65}},"11":{"start":{"line":12,"column":0},"end":{"line":12,"column":88}},"13":{"start":{"line":14,"column":0},"end":{"line":14,"column":10}},"14":{"start":{"line":15,"column":0},"end":{"line":15,"column":11}},"15":{"start":{"line":16,"column":0},"end":{"line":16,"column":15}},"16":{"start":{"line":17,"column":0},"end":{"line":17,"column":48}},"17":{"start":{"line":18,"column":0},"end":{"line":18,"column":73}},"19":{"start":{"line":20,"column":0},"end":{"line":20,"column":25}},"20":{"start":{"line":21,"column":0},"end":{"line":21,"column":59}},"21":{"start":{"line":22,"column":0},"end":{"line":22,"column":8}},"22":{"start":{"line":23,"column":0},"end":{"line":23,"column":22}},"25":{"start":{"line":26,"column":0},"end":{"line":26,"column":2}},"27":{"start":{"line":28,"column":0},"end":{"line":28,"column":25}}},"s":{"0":1,"1":1,"2":1,"3":1,"10":1,"11":12,"13":12,"14":12,"15":12,"16":24,"17":12,"19":12,"20":4,"21":12,"22":12,"25":1,"27":1},"branchMap":{"0":{"type":"branch","line":11,"loc":{"start":{"line":11,"column":54},"end":{"line":26,"column":1}},"locations":[{"start":{"line":11,"column":54},"end":{"line":26,"column":1}}]},"1":{"type":"branch","line":16,"loc":{"start":{"line":16,"column":14},"end":{"line":17,"column":48}},"locations":[{"start":{"line":16,"column":14},"end":{"line":17,"column":48}}]},"2":{"type":"branch","line":17,"loc":{"start":{"line":17,"column":22},"end":{"line":17,"column":47}},"locations":[{"start":{"line":17,"column":22},"end":{"line":17,"column":47}}]},"3":{"type":"branch","line":17,"loc":{"start":{"line":17,"column":47},"end":{"line":18,"column":73}},"locations":[{"start":{"line":17,"column":47},"end":{"line":18,"column":73}}]},"4":{"type":"branch","line":18,"loc":{"start":{"line":18,"column":72},"end":{"line":23,"column":22}},"locations":[{"start":{"line":18,"column":72},"end":{"line":23,"column":22}}]},"5":{"type":"branch","line":18,"loc":{"start":{"line":18,"column":72},"end":{"line":21,"column":59}},"locations":[{"start":{"line":18,"column":72},"end":{"line":21,"column":59}}]},"6":{"type":"branch","line":20,"loc":{"start":{"line":20,"column":20},"end":{"line":21,"column":59}},"locations":[{"start":{"line":20,"column":20},"end":{"line":21,"column":59}}]},"7":{"type":"branch","line":20,"loc":{"start":{"line":20,"column":7},"end":{"line":20,"column":20}},"locations":[{"start":{"line":20,"column":7},"end":{"line":20,"column":20}}]},"8":{"type":"branch","line":22,"loc":{"start":{"line":22,"column":7},"end":{"line":23,"column":21}},"locations":[{"start":{"line":22,"column":7},"end":{"line":23,"column":21}}]}},"b":{"0":[12],"1":[24],"2":[16],"3":[12],"4":[12],"5":[12],"6":[4],"7":[12],"8":[12]},"fnMap":{"0":{"name":"ButtonPrimary.location","decl":{"start":{"line":11,"column":54},"end":{"line":26,"column":1}},"loc":{"start":{"line":11,"column":54},"end":{"line":26,"column":1}},"line":11},"1":{"name":"get disabled","decl":{"start":{"line":16,"column":14},"end":{"line":17,"column":48}},"loc":{"start":{"line":16,"column":14},"end":{"line":17,"column":48}},"line":16},"2":{"name":"get children","decl":{"start":{"line":18,"column":72},"end":{"line":23,"column":22}},"loc":{"start":{"line":18,"column":72},"end":{"line":23,"column":22}},"line":18}},"f":{"0":12,"1":24,"2":12}}
,"/home/runner/work/regenfass/regenfass/installer/src/components/atoms/ButtonSecondary.tsx": {"path":"/home/runner/work/regenfass/regenfass/installer/src/components/atoms/ButtonSecondary.tsx","all":false,"statementMap":{"0":{"start":{"line":1,"column":0},"end":{"line":1,"column":54}},"1":{"start":{"line":2,"column":0},"end":{"line":2,"column":55}},"2":{"start":{"line":3,"column":0},"end":{"line":3,"column":57}},"3":{"start":{"line":4,"column":0},"end":{"line":4,"column":34}},"10":{"start":{"line":11,"column":0},"end":{"line":11,"column":69}},"11":{"start":{"line":12,"column":0},"end":{"line":12,"column":88}},"13":{"start":{"line":14,"column":0},"end":{"line":14,"column":10}},"14":{"start":{"line":15,"column":0},"end":{"line":15,"column":11}},"15":{"start":{"line":16,"column":0},"end":{"line":16,"column":15}},"16":{"start":{"line":17,"column":0},"end":{"line":17,"column":23}},"17":{"start":{"line":18,"column":0},"end":{"line":18,"column":48}},"18":{"start":{"line":19,"column":0},"end":{"line":19,"column":79}},"20":{"start":{"line":21,"column":0},"end":{"line":21,"column":25}},"21":{"start":{"line":22,"column":0},"end":{"line":22,"column":62}},"22":{"start":{"line":23,"column":0},"end":{"line":23,"column":8}},"23":{"start":{"line":24,"column":0},"end":{"line":24,"column":22}},"26":{"start":{"line":27,"column":0},"end":{"line":27,"column":2}},"28":{"start":{"line":29,"column":0},"end":{"line":29,"column":27}}},"s":{"0":1,"1":1,"2":1,"3":1,"10":1,"11":13,"13":13,"14":13,"15":13,"16":13,"17":26,"18":13,"20":13,"21":4,"22":13,"23":13,"26":1,"28":1},"branchMap":{"0":{"type":"branch","line":11,"loc":{"start":{"line":11,"column":58},"end":{"line":27,"column":1}},"locations":[{"start":{"line":11,"column":58},"end":{"line":27,"column":1}}]},"1":{"type":"branch","line":17,"loc":{"start":{"line":17,"column":13},"end":{"line":18,"column":48}},"locations":[{"start":{"line":17,"column":13},"end":{"line":18,"column":48}}]},"2":{"type":"branch","line":18,"loc":{"start":{"line":18,"column":22},"end":{"line":18,"column":47}},"locations":[{"start":{"line":18,"column":22},"end":{"line":18,"column":47}}]},"3":{"type":"branch","line":18,"loc":{"start":{"line":18,"column":47},"end":{"line":19,"column":79}},"locations":[{"start":{"line":18,"column":47},"end":{"line":19,"column":79}}]},"4":{"type":"branch","line":19,"loc":{"start":{"line":19,"column":78},"end":{"line":24,"column":22}},"locations":[{"start":{"line":19,"column":78},"end":{"line":24,"column":22}}]},"5":{"type":"branch","line":19,"loc":{"start":{"line":19,"column":78},"end":{"line":22,"column":62}},"locations":[{"start":{"line":19,"column":78},"end":{"line":22,"column":62}}]},"6":{"type":"branch","line":21,"loc":{"start":{"line":21,"column":20},"end":{"line":22,"column":62}},"locations":[{"start":{"line":21,"column":20},"end":{"line":22,"column":62}}]},"7":{"type":"branch","line":21,"loc":{"start":{"line":21,"column":7},"end":{"line":21,"column":20}},"locations":[{"start":{"line":21,"column":7},"end":{"line":21,"column":20}}]},"8":{"type":"branch","line":23,"loc":{"start":{"line":23,"column":7},"end":{"line":24,"column":21}},"locations":[{"start":{"line":23,"column":7},"end":{"line":24,"column":21}}]}},"b":{"0":[13],"1":[26],"2":[18],"3":[13],"4":[13],"5":[13],"6":[4],"7":[13],"8":[13]},"fnMap":{"0":{"name":"ButtonSecondary.location","decl":{"start":{"line":11,"column":58},"end":{"line":27,"column":1}},"loc":{"start":{"line":11,"column":58},"end":{"line":27,"column":1}},"line":11},"1":{"name":"get disabled","decl":{"start":{"line":17,"column":13},"end":{"line":18,"column":48}},"loc":{"start":{"line":17,"column":13},"end":{"line":18,"column":48}},"line":17},"2":{"name":"get children","decl":{"start":{"line":19,"column":78},"end":{"line":24,"column":22}},"loc":{"start":{"line":19,"column":78},"end":{"line":24,"column":22}},"line":19}},"f":{"0":13,"1":26,"2":13}}
,"/home/runner/work/regenfass/regenfass/installer/src/components/atoms/Confetti.tsx": {"path":"/home/runner/work/regenfass/regenfass/installer/src/components/atoms/Confetti.tsx","all":false,"statementMap":{"1":{"start":{"line":2,"column":0},"end":{"line":2,"column":37}},"2":{"start":{"line":3,"column":0},"end":{"line":3,"column":34}},"3":{"start":{"line":4,"column":0},"end":{"line":4,"column":24}},"6":{"start":{"line":7,"column":0},"end":{"line":7,"column":42}},"8":{"start":{"line":9,"column":0},"end":{"line":9,"column":25}},"9":{"start":{"line":10,"column":0},"end":{"line":10,"column":18}},"10":{"start":{"line":11,"column":0},"end":{"line":11,"column":14}},"11":{"start":{"line":12,"column":0},"end":{"line":12,"column":16}},"12":{"start":{"line":13,"column":0},"end":{"line":13,"column":17}},"13":{"start":{"line":14,"column":0},"end":{"line":14,"column":17}},"14":{"start":{"line":15,"column":0},"end":{"line":15,"column":15}},"15":{"start":{"line":16,"column":0},"end":{"line":16,"column":15}},"16":{"start":{"line":17,"column":0},"end":{"line":17,"column":17}},"19":{"start":{"line":20,"column":0},"end":{"line":20,"column":62}},"21":{"start":{"line":22,"column":0},"end":{"line":22,"column":65}},"22":{"start":{"line":23,"column":0},"end":{"line":23,"column":47}},"23":{"start":{"line":24,"column":0},"end":{"line":24,"column":39}},"24":{"start":{"line":25,"column":0},"end":{"line":25,"column":45}},"25":{"start":{"line":26,"column":0},"end":{"line":26,"column":48}},"26":{"start":{"line":27,"column":0},"end":{"line":27,"column":48}},"27":{"start":{"line":28,"column":0},"end":{"line":28,"column":43}},"28":{"start":{"line":29,"column":0},"end":{"line":29,"column":9}},"29":{"start":{"line":30,"column":0},"end":{"line":30,"column":36}},"30":{"start":{"line":31,"column":0},"end":{"line":31,"column":30}},"31":{"start":{"line":32,"column":0},"end":{"line":32,"column":28}},"32":{"start":{"line":33,"column":0},"end":{"line":33,"column":24}},"33":{"start":{"line":34,"column":0},"end":{"line":34,"column":33}},"34":{"start":{"line":35,"column":0},"end":{"line":35,"column":33}},"35":{"start":{"line":36,"column":0},"end":{"line":36,"column":26}},"36":{"start":{"line":37,"column":0},"end":{"line":37,"column":3}},"37":{"start":{"line":38,"column":0},"end":{"line":38,"column":1}},"47":{"start":{"line":48,"column":0},"end":{"line":48,"column":55}},"48":{"start":{"line":49,"column":0},"end":{"line":49,"column":9}},"49":{"start":{"line":50,"column":0},"end":{"line":50,"column":28}},"55":{"start":{"line":56,"column":0},"end":{"line":56,"column":77}},"56":{"start":{"line":57,"column":0},"end":{"line":57,"column":14}},"57":{"start":{"line":58,"column":0},"end":{"line":58,"column":67}},"60":{"start":{"line":61,"column":0},"end":{"line":61,"column":19}},"61":{"start":{"line":62,"column":0},"end":{"line":62,"column":34}},"62":{"start":{"line":63,"column":0},"end":{"line":63,"column":54}},"63":{"start":{"line":64,"column":0},"end":{"line":64,"column":11}},"67":{"start":{"line":68,"column":0},"end":{"line":68,"column":7}},"72":{"start":{"line":73,"column":0},"end":{"line":73,"column":2}},"74":{"start":{"line":75,"column":0},"end":{"line":75,"column":24}}},"s":{"1":1,"2":1,"3":1,"6":1,"8":1,"9":1,"10":1,"11":1,"12":1,"13":1,"14":1,"15":1,"16":1,"19":192,"21":192,"22":192,"23":192,"24":192,"25":192,"26":192,"27":192,"28":192,"29":192,"30":192,"31":192,"32":192,"33":192,"34":192,"35":192,"36":192,"37":192,"47":1,"48":6,"49":6,"55":4,"56":4,"57":192,"60":192,"61":192,"62":192,"63":192,"67":4,"72":1,"74":1},"branchMap":{"0":{"type":"branch","line":20,"loc":{"start":{"line":20,"column":0},"end":{"line":38,"column":1}},"locations":[{"start":{"line":20,"column":0},"end":{"line":38,"column":1}}]},"1":{"type":"branch","line":48,"loc":{"start":{"line":48,"column":44},"end":{"line":73,"column":1}},"locations":[{"start":{"line":48,"column":44},"end":{"line":73,"column":1}}]},"2":{"type":"branch","line":50,"loc":{"start":{"line":50,"column":7},"end":{"line":50,"column":28}},"locations":[{"start":{"line":50,"column":7},"end":{"line":50,"column":28}}]},"3":{"type":"branch","line":50,"loc":{"start":{"line":50,"column":26},"end":{"line":68,"column":7}},"locations":[{"start":{"line":50,"column":26},"end":{"line":68,"column":7}}]},"4":{"type":"branch","line":56,"loc":{"start":{"line":56,"column":8},"end":{"line":56,"column":77}},"locations":[{"start":{"line":56,"column":8},"end":{"line":56,"column":77}}]},"5":{"type":"branch","line":56,"loc":{"start":{"line":56,"column":63},"end":{"line":56,"column":74}},"locations":[{"start":{"line":56,"column":63},"end":{"line":56,"column":74}}]},"6":{"type":"branch","line":57,"loc":{"start":{"line":57,"column":7},"end":{"line":64,"column":11}},"locations":[{"start":{"line":57,"column":7},"end":{"line":64,"column":11}}]},"7":{"type":"branch","line":57,"loc":{"start":{"line":57,"column":8},"end":{"line":64,"column":11}},"locations":[{"start":{"line":57,"column":8},"end":{"line":64,"column":11}}]},"8":{"type":"branch","line":57,"loc":{"start":{"line":57,"column":8},"end":{"line":64,"column":11}},"locations":[{"start":{"line":57,"column":8},"end":{"line":64,"column":11}}]}},"b":{"0":[192],"1":[6],"2":[6],"3":[4],"4":[4],"5":[192],"6":[192],"7":[192],"8":[192]},"fnMap":{"0":{"name":"particleVars","decl":{"start":{"line":20,"column":0},"end":{"line":38,"column":1}},"loc":{"start":{"line":20,"column":0},"end":{"line":38,"column":1}},"line":20},"1":{"name":"Confetti.location","decl":{"start":{"line":48,"column":44},"end":{"line":73,"column":1}},"loc":{"start":{"line":48,"column":44},"end":{"line":73,"column":1}},"line":48},"2":{"name":"get when","decl":{"start":{"line":50,"column":7},"end":{"line":50,"column":28}},"loc":{"start":{"line":50,"column":7},"end":{"line":50,"column":28}},"line":50},"3":{"name":"get children","decl":{"start":{"line":50,"column":26},"end":{"line":68,"column":7}},"loc":{"start":{"line":50,"column":26},"end":{"line":68,"column":7}},"line":50},"4":{"name":"get each","decl":{"start":{"line":56,"column":8},"end":{"line":56,"column":77}},"loc":{"start":{"line":56,"column":8},"end":{"line":56,"column":77}},"line":56},"5":{"name":"children","decl":{"start":{"line":57,"column":7},"end":{"line":64,"column":11}},"loc":{"start":{"line":57,"column":7},"end":{"line":64,"column":11}},"line":57},"6":{"name":"e","decl":{"start":{"line":57,"column":8},"end":{"line":64,"column":11}},"loc":{"start":{"line":57,"column":8},"end":{"line":64,"column":11}},"line":57}},"f":{"0":192,"1":6,"2":6,"3":4,"4":4,"5":192,"6":192}}
,"/home/runner/work/regenfass/regenfass/installer/src/components/atoms/Headline.tsx": {"path":"/home/runner/work/regenfass/regenfass/installer/src/components/atoms/Headline.tsx","all":false,"statementMap":{"0":{"start":{"line":1,"column":0},"end":{"line":1,"column":34}},"1":{"start":{"line":2,"column":0},"end":{"line":2,"column":64}},"12":{"start":{"line":13,"column":0},"end":{"line":13,"column":68}},"13":{"start":{"line":14,"column":0},"end":{"line":14,"column":29}},"14":{"start":{"line":15,"column":0},"end":{"line":15,"column":29}},"15":{"start":{"line":16,"column":0},"end":{"line":16,"column":28}},"16":{"start":{"line":17,"column":0},"end":{"line":17,"column":27}},"17":{"start":{"line":18,"column":0},"end":{"line":18,"column":2}},"19":{"start":{"line":20,"column":0},"end":{"line":20,"column":48}},"20":{"start":{"line":21,"column":0},"end":{"line":21,"column":43}},"21":{"start":{"line":22,"column":0},"end":{"line":22,"column":9}},"22":{"start":{"line":23,"column":0},"end":{"line":23,"column":12}},"23":{"start":{"line":24,"column":0},"end":{"line":24,"column":15}},"24":{"start":{"line":25,"column":0},"end":{"line":25,"column":11}},"25":{"start":{"line":26,"column":0},"end":{"line":26,"column":12}},"26":{"start":{"line":27,"column":0},"end":{"line":27,"column":15}},"27":{"start":{"line":28,"column":0},"end":{"line":28,"column":5}},"29":{"start":{"line":30,"column":0},"end":{"line":30,"column":31}},"30":{"start":{"line":31,"column":0},"end":{"line":31,"column":20}},"31":{"start":{"line":32,"column":0},"end":{"line":32,"column":28}},"32":{"start":{"line":33,"column":0},"end":{"line":33,"column":21}},"33":{"start":{"line":34,"column":0},"end":{"line":34,"column":31}},"34":{"start":{"line":35,"column":0},"end":{"line":35,"column":20}},"35":{"start":{"line":36,"column":0},"end":{"line":36,"column":20}},"37":{"start":{"line":38,"column":0},"end":{"line":38,"column":83}},"39":{"start":{"line":40,"column":0},"end":{"line":40,"column":10}},"40":{"start":{"line":41,"column":0},"end":{"line":41,"column":55}},"42":{"start":{"line":43,"column":0},"end":{"line":43,"column":32}},"43":{"start":{"line":44,"column":0},"end":{"line":44,"column":62}},"45":{"start":{"line":46,"column":0},"end":{"line":46,"column":16}},"46":{"start":{"line":47,"column":0},"end":{"line":47,"column":37}},"47":{"start":{"line":48,"column":0},"end":{"line":48,"column":59}},"49":{"start":{"line":50,"column":0},"end":{"line":50,"column":37}},"50":{"start":{"line":51,"column":0},"end":{"line":51,"column":59}},"52":{"start":{"line":53,"column":0},"end":{"line":53,"column":37}},"53":{"start":{"line":54,"column":0},"end":{"line":54,"column":59}},"55":{"start":{"line":56,"column":0},"end":{"line":56,"column":37}},"56":{"start":{"line":57,"column":0},"end":{"line":57,"column":59}},"60":{"start":{"line":61,"column":0},"end":{"line":61,"column":34}},"61":{"start":{"line":62,"column":0},"end":{"line":62,"column":69}},"65":{"start":{"line":66,"column":0},"end":{"line":66,"column":1}},"67":{"start":{"line":68,"column":0},"end":{"line":68,"column":24}}},"s":{"0":1,"1":1,"12":1,"13":1,"14":1,"15":1,"16":1,"17":1,"19":1,"20":16,"21":16,"22":16,"23":16,"24":16,"25":16,"26":16,"27":16,"29":16,"30":16,"31":16,"32":0,"33":16,"34":0,"35":16,"37":16,"39":16,"40":16,"42":16,"43":1,"45":16,"46":16,"47":0,"49":16,"50":15,"52":16,"53":1,"55":16,"56":0,"60":16,"61":2,"65":16,"67":1},"branchMap":{"0":{"type":"branch","line":20,"loc":{"start":{"line":20,"column":24},"end":{"line":66,"column":1}},"locations":[{"start":{"line":20,"column":24},"end":{"line":66,"column":1}}]},"1":{"type":"branch","line":30,"loc":{"start":{"line":30,"column":20},"end":{"line":30,"column":31}},"locations":[{"start":{"line":30,"column":20},"end":{"line":30,"column":31}}]},"2":{"type":"branch","line":32,"loc":{"start":{"line":32,"column":20},"end":{"line":33,"column":21}},"locations":[{"start":{"line":32,"column":20},"end":{"line":33,"column":21}}]},"3":{"type":"branch","line":34,"loc":{"start":{"line":34,"column":24},"end":{"line":35,"column":20}},"locations":[{"start":{"line":34,"column":24},"end":{"line":35,"column":20}}]},"4":{"type":"branch","line":40,"loc":{"start":{"line":40,"column":2},"end":{"line":62,"column":69}},"locations":[{"start":{"line":40,"column":2},"end":{"line":62,"column":69}}]},"5":{"type":"branch","line":40,"loc":{"start":{"line":40,"column":2},"end":{"line":41,"column":49}},"locations":[{"start":{"line":40,"column":2},"end":{"line":41,"column":49}}]},"6":{"type":"branch","line":43,"loc":{"start":{"line":43,"column":13},"end":{"line":43,"column":32}},"locations":[{"start":{"line":43,"column":13},"end":{"line":43,"column":32}}]},"7":{"type":"branch","line":43,"loc":{"start":{"line":43,"column":30},"end":{"line":44,"column":62}},"locations":[{"start":{"line":43,"column":30},"end":{"line":44,"column":62}}]},"8":{"type":"branch","line":43,"loc":{"start":{"line":43,"column":30},"end":{"line":44,"column":54}},"locations":[{"start":{"line":43,"column":30},"end":{"line":44,"column":54}}]},"9":{"type":"branch","line":46,"loc":{"start":{"line":46,"column":15},"end":{"line":57,"column":59}},"locations":[{"start":{"line":46,"column":15},"end":{"line":57,"column":59}}]},"10":{"type":"branch","line":50,"loc":{"start":{"line":50,"column":35},"end":{"line":51,"column":59}},"locations":[{"start":{"line":50,"column":35},"end":{"line":51,"column":59}}]},"11":{"type":"branch","line":51,"loc":{"start":{"line":51,"column":36},"end":{"line":51,"column":53}},"locations":[{"start":{"line":51,"column":36},"end":{"line":51,"column":53}}]},"12":{"type":"branch","line":53,"loc":{"start":{"line":53,"column":35},"end":{"line":54,"column":59}},"locations":[{"start":{"line":53,"column":35},"end":{"line":54,"column":59}}]},"13":{"type":"branch","line":54,"loc":{"start":{"line":54,"column":36},"end":{"line":54,"column":53}},"locations":[{"start":{"line":54,"column":36},"end":{"line":54,"column":53}}]},"14":{"type":"branch","line":61,"loc":{"start":{"line":61,"column":11},"end":{"line":61,"column":34}},"locations":[{"start":{"line":61,"column":11},"end":{"line":61,"column":34}}]},"15":{"type":"branch","line":61,"loc":{"start":{"line":61,"column":32},"end":{"line":62,"column":69}},"locations":[{"start":{"line":61,"column":32},"end":{"line":62,"column":69}}]},"16":{"type":"branch","line":61,"loc":{"start":{"line":61,"column":32},"end":{"line":62,"column":64}},"locations":[{"start":{"line":61,"column":32},"end":{"line":62,"column":64}}]}},"b":{"0":[16],"1":[2],"2":[0],"3":[0],"4":[16],"5":[16],"6":[16],"7":[1],"8":[1],"9":[16],"10":[15],"11":[15],"12":[1],"13":[1],"14":[16],"15":[2],"16":[2]},"fnMap":{"0":{"name":"Headline2","decl":{"start":{"line":20,"column":24},"end":{"line":66,"column":1}},"loc":{"start":{"line":20,"column":24},"end":{"line":66,"column":1}},"line":20},"1":{"name":"Headline2","decl":{"start":{"line":40,"column":2},"end":{"line":41,"column":49}},"loc":{"start":{"line":40,"column":2},"end":{"line":41,"column":49}},"line":40},"2":{"name":"get when","decl":{"start":{"line":43,"column":13},"end":{"line":43,"column":32}},"loc":{"start":{"line":43,"column":13},"end":{"line":43,"column":32}},"line":43},"3":{"name":"get children","decl":{"start":{"line":43,"column":30},"end":{"line":44,"column":62}},"loc":{"start":{"line":43,"column":30},"end":{"line":44,"column":62}},"line":43},"4":{"name":"get children","decl":{"start":{"line":46,"column":15},"end":{"line":57,"column":59}},"loc":{"start":{"line":46,"column":15},"end":{"line":57,"column":59}},"line":46},"5":{"name":"get children","decl":{"start":{"line":47,"column":35},"end":{"line":48,"column":59}},"loc":{"start":{"line":47,"column":35},"end":{"line":48,"column":59}},"line":47},"6":{"name":"get children","decl":{"start":{"line":50,"column":35},"end":{"line":51,"column":59}},"loc":{"start":{"line":50,"column":35},"end":{"line":51,"column":59}},"line":50},"7":{"name":"get children","decl":{"start":{"line":53,"column":35},"end":{"line":54,"column":59}},"loc":{"start":{"line":53,"column":35},"end":{"line":54,"column":59}},"line":53},"8":{"name":"get children","decl":{"start":{"line":56,"column":35},"end":{"line":57,"column":59}},"loc":{"start":{"line":56,"column":35},"end":{"line":57,"column":59}},"line":56},"9":{"name":"get when","decl":{"start":{"line":61,"column":11},"end":{"line":61,"column":34}},"loc":{"start":{"line":61,"column":11},"end":{"line":61,"column":34}},"line":61},"10":{"name":"get children","decl":{"start":{"line":61,"column":32},"end":{"line":62,"column":69}},"loc":{"start":{"line":61,"column":32},"end":{"line":62,"column":69}},"line":61}},"f":{"0":16,"1":16,"2":16,"3":1,"4":16,"5":0,"6":15,"7":1,"8":0,"9":16,"10":2}}
,"/home/runner/work/regenfass/regenfass/installer/src/components/atoms/Link.tsx": {"path":"/home/runner/work/regenfass/regenfass/installer/src/components/atoms/Link.tsx","all":false,"statementMap":{"0":{"start":{"line":1,"column":0},"end":{"line":1,"column":54}},"1":{"start":{"line":2,"column":0},"end":{"line":2,"column":34}},"8":{"start":{"line":9,"column":0},"end":{"line":9,"column":47}},"9":{"start":{"line":10,"column":0},"end":{"line":10,"column":73}},"10":{"start":{"line":11,"column":0},"end":{"line":11,"column":26}},"11":{"start":{"line":12,"column":0},"end":{"line":12,"column":68}},"13":{"start":{"line":14,"column":0},"end":{"line":14,"column":10}},"15":{"start":{"line":16,"column":0},"end":{"line":16,"column":23}},"16":{"start":{"line":17,"column":0},"end":{"line":17,"column":50}},"17":{"start":{"line":18,"column":0},"end":{"line":18,"column":60}},"18":{"start":{"line":19,"column":0},"end":{"line":19,"column":16}},"19":{"start":{"line":20,"column":0},"end":{"line":20,"column":58}},"20":{"start":{"line":21,"column":0},"end":{"line":21,"column":19}},"21":{"start":{"line":22,"column":0},"end":{"line":22,"column":8}},"22":{"start":{"line":23,"column":0},"end":{"line":23,"column":15}},"24":{"start":{"line":25,"column":0},"end":{"line":25,"column":22}},"27":{"start":{"line":28,"column":0},"end":{"line":28,"column":2}},"29":{"start":{"line":30,"column":0},"end":{"line":30,"column":20}}},"s":{"0":1,"1":1,"8":1,"9":32,"10":32,"11":64,"13":32,"15":32,"16":32,"17":32,"18":32,"19":32,"20":32,"21":32,"22":32,"24":32,"27":1,"29":1},"branchMap":{"0":{"type":"branch","line":9,"loc":{"start":{"line":9,"column":36},"end":{"line":28,"column":1}},"locations":[{"start":{"line":9,"column":36},"end":{"line":28,"column":1}}]},"1":{"type":"branch","line":11,"loc":{"start":{"line":11,"column":21},"end":{"line":12,"column":68}},"locations":[{"start":{"line":11,"column":21},"end":{"line":12,"column":68}}]},"2":{"type":"branch","line":14,"loc":{"start":{"line":14,"column":2},"end":{"line":25,"column":22}},"locations":[{"start":{"line":14,"column":2},"end":{"line":25,"column":22}}]},"3":{"type":"branch","line":14,"loc":{"start":{"line":14,"column":2},"end":{"line":16,"column":23}},"locations":[{"start":{"line":14,"column":2},"end":{"line":16,"column":23}}]},"4":{"type":"branch","line":16,"loc":{"start":{"line":16,"column":22},"end":{"line":17,"column":50}},"locations":[{"start":{"line":16,"column":22},"end":{"line":17,"column":50}}]},"5":{"type":"branch","line":17,"loc":{"start":{"line":17,"column":25},"end":{"line":17,"column":40}},"locations":[{"start":{"line":17,"column":25},"end":{"line":17,"column":40}}]},"6":{"type":"branch","line":17,"loc":{"start":{"line":17,"column":29},"end":{"line":17,"column":49}},"locations":[{"start":{"line":17,"column":29},"end":{"line":17,"column":49}}]},"7":{"type":"branch","line":17,"loc":{"start":{"line":17,"column":49},"end":{"line":18,"column":60}},"locations":[{"start":{"line":17,"column":49},"end":{"line":18,"column":60}}]},"8":{"type":"branch","line":18,"loc":{"start":{"line":18,"column":22},"end":{"line":18,"column":50}},"locations":[{"start":{"line":18,"column":22},"end":{"line":18,"column":50}}]},"9":{"type":"branch","line":18,"loc":{"start":{"line":18,"column":26},"end":{"line":18,"column":59}},"locations":[{"start":{"line":18,"column":26},"end":{"line":18,"column":59}}]},"10":{"type":"branch","line":18,"loc":{"start":{"line":18,"column":59},"end":{"line":22,"column":8}},"locations":[{"start":{"line":18,"column":59},"end":{"line":22,"column":8}}]},"11":{"type":"branch","line":23,"loc":{"start":{"line":23,"column":14},"end":{"line":25,"column":21}},"locations":[{"start":{"line":23,"column":14},"end":{"line":25,"column":21}}]}},"b":{"0":[32],"1":[64],"2":[32],"3":[32],"4":[32],"5":[25],"6":[7],"7":[32],"8":[25],"9":[7],"10":[32],"11":[32]},"fnMap":{"0":{"name":"Link.location","decl":{"start":{"line":9,"column":36},"end":{"line":28,"column":1}},"loc":{"start":{"line":9,"column":36},"end":{"line":28,"column":1}},"line":9},"1":{"name":"isExternal","decl":{"start":{"line":11,"column":21},"end":{"line":12,"column":68}},"loc":{"start":{"line":11,"column":21},"end":{"line":12,"column":68}},"line":11},"2":{"name":"get href","decl":{"start":{"line":14,"column":2},"end":{"line":16,"column":23}},"loc":{"start":{"line":14,"column":2},"end":{"line":16,"column":23}},"line":14},"3":{"name":"get target","decl":{"start":{"line":16,"column":22},"end":{"line":17,"column":50}},"loc":{"start":{"line":16,"column":22},"end":{"line":17,"column":50}},"line":16},"4":{"name":"get rel","decl":{"start":{"line":17,"column":49},"end":{"line":18,"column":60}},"loc":{"start":{"line":17,"column":49},"end":{"line":18,"column":60}},"line":17}},"f":{"0":32,"1":64,"2":32,"3":32,"4":32}}
,"/home/runner/work/regenfass/regenfass/installer/src/components/atoms/Progress.tsx": {"path":"/home/runner/work/regenfass/regenfass/installer/src/components/atoms/Progress.tsx","all":false,"statementMap":{"0":{"start":{"line":1,"column":0},"end":{"line":1,"column":71}},"1":{"start":{"line":2,"column":0},"end":{"line":2,"column":34}},"4":{"start":{"line":5,"column":0},"end":{"line":5,"column":38}},"18":{"start":{"line":19,"column":0},"end":{"line":19,"column":59}},"19":{"start":{"line":20,"column":0},"end":{"line":20,"column":25}},"20":{"start":{"line":21,"column":0},"end":{"line":21,"column":3}},"21":{"start":{"line":22,"column":0},"end":{"line":22,"column":71}},"23":{"start":{"line":24,"column":0},"end":{"line":24,"column":9}},"24":{"start":{"line":25,"column":0},"end":{"line":25,"column":20}},"25":{"start":{"line":26,"column":0},"end":{"line":26,"column":56}},"26":{"start":{"line":27,"column":0},"end":{"line":27,"column":14}},"28":{"start":{"line":29,"column":0},"end":{"line":29,"column":27}},"29":{"start":{"line":30,"column":0},"end":{"line":30,"column":80}},"31":{"start":{"line":32,"column":0},"end":{"line":32,"column":27}},"32":{"start":{"line":33,"column":0},"end":{"line":33,"column":15}},"33":{"start":{"line":34,"column":0},"end":{"line":34,"column":104}},"34":{"start":{"line":35,"column":0},"end":{"line":35,"column":7}},"39":{"start":{"line":40,"column":0},"end":{"line":40,"column":1}}},"s":{"0":1,"1":1,"4":1,"18":1,"19":8,"20":8,"21":8,"23":8,"24":8,"25":8,"26":8,"28":8,"29":8,"31":8,"32":8,"33":8,"34":8,"39":8},"branchMap":{"0":{"type":"branch","line":19,"loc":{"start":{"line":19,"column":24},"end":{"line":40,"column":1}},"locations":[{"start":{"line":19,"column":24},"end":{"line":40,"column":1}}]},"1":{"type":"branch","line":26,"loc":{"start":{"line":26,"column":-1},"end":{"line":26,"column":56}},"locations":[{"start":{"line":26,"column":-1},"end":{"line":26,"column":56}}]},"2":{"type":"branch","line":27,"loc":{"start":{"line":27,"column":13},"end":{"line":35,"column":7}},"locations":[{"start":{"line":27,"column":13},"end":{"line":35,"column":7}}]},"3":{"type":"branch","line":30,"loc":{"start":{"line":30,"column":-1},"end":{"line":30,"column":80}},"locations":[{"start":{"line":30,"column":-1},"end":{"line":30,"column":80}}]},"4":{"type":"branch","line":30,"loc":{"start":{"line":30,"column":79},"end":{"line":35,"column":7}},"locations":[{"start":{"line":30,"column":79},"end":{"line":35,"column":7}}]},"5":{"type":"branch","line":33,"loc":{"start":{"line":33,"column":-1},"end":{"line":35,"column":7}},"locations":[{"start":{"line":33,"column":-1},"end":{"line":35,"column":7}}]}},"b":{"0":[8],"1":[8],"2":[8],"3":[8],"4":[8],"5":[8]},"fnMap":{"0":{"name":"Progress2","decl":{"start":{"line":19,"column":24},"end":{"line":40,"column":1}},"loc":{"start":{"line":19,"column":24},"end":{"line":40,"column":1}},"line":19},"1":{"name":"Progress2","decl":{"start":{"line":26,"column":-1},"end":{"line":26,"column":56}},"loc":{"start":{"line":26,"column":-1},"end":{"line":26,"column":56}},"line":26},"2":{"name":"get children","decl":{"start":{"line":27,"column":13},"end":{"line":35,"column":7}},"loc":{"start":{"line":27,"column":13},"end":{"line":35,"column":7}},"line":27},"3":{"name":"get children","decl":{"start":{"line":30,"column":79},"end":{"line":35,"column":7}},"loc":{"start":{"line":30,"column":79},"end":{"line":35,"column":7}},"line":30}},"f":{"0":8,"1":8,"2":8,"3":8}}
,"/home/runner/work/regenfass/regenfass/installer/src/components/atoms/Spinner.tsx": {"path":"/home/runner/work/regenfass/regenfass/installer/src/components/atoms/Spinner.tsx","all":false,"statementMap":{"0":{"start":{"line":1,"column":0},"end":{"line":1,"column":34}},"1":{"start":{"line":2,"column":0},"end":{"line":2,"column":44}},"3":{"start":{"line":4,"column":0},"end":{"line":4,"column":38}},"9":{"start":{"line":10,"column":0},"end":{"line":10,"column":49}},"10":{"start":{"line":11,"column":0},"end":{"line":11,"column":60}},"12":{"start":{"line":13,"column":0},"end":{"line":13,"column":22}},"13":{"start":{"line":14,"column":0},"end":{"line":14,"column":15}},"14":{"start":{"line":15,"column":0},"end":{"line":15,"column":15}},"15":{"start":{"line":16,"column":0},"end":{"line":16,"column":15}},"16":{"start":{"line":17,"column":0},"end":{"line":17,"column":3}},"18":{"start":{"line":19,"column":0},"end":{"line":19,"column":9}},"19":{"start":{"line":20,"column":0},"end":{"line":20,"column":15}},"20":{"start":{"line":21,"column":0},"end":{"line":21,"column":16}},"22":{"start":{"line":23,"column":0},"end":{"line":23,"column":75}},"23":{"start":{"line":24,"column":0},"end":{"line":24,"column":12}},"26":{"start":{"line":27,"column":0},"end":{"line":27,"column":2}}},"s":{"0":1,"1":1,"3":1,"9":1,"10":28,"12":28,"13":28,"14":28,"15":28,"16":28,"18":28,"19":28,"20":28,"22":56,"23":28,"26":1},"branchMap":{"0":{"type":"branch","line":10,"loc":{"start":{"line":10,"column":23},"end":{"line":27,"column":1}},"locations":[{"start":{"line":10,"column":23},"end":{"line":27,"column":1}}]},"1":{"type":"branch","line":21,"loc":{"start":{"line":21,"column":7},"end":{"line":23,"column":75}},"locations":[{"start":{"line":21,"column":7},"end":{"line":23,"column":75}}]},"2":{"type":"branch","line":23,"loc":{"start":{"line":23,"column":47},"end":{"line":23,"column":59}},"locations":[{"start":{"line":23,"column":47},"end":{"line":23,"column":59}}]}},"b":{"0":[28],"1":[56],"2":[0]},"fnMap":{"0":{"name":"Spinner.location","decl":{"start":{"line":10,"column":23},"end":{"line":27,"column":1}},"loc":{"start":{"line":10,"column":23},"end":{"line":27,"column":1}},"line":10}},"f":{"0":28}}
,"/home/runner/work/regenfass/regenfass/installer/src/components/atoms/SpinnerConfetti.tsx": {"path":"/home/runner/work/regenfass/regenfass/installer/src/components/atoms/SpinnerConfetti.tsx","all":false,"statementMap":{"1":{"start":{"line":2,"column":0},"end":{"line":2,"column":40}},"2":{"start":{"line":3,"column":0},"end":{"line":3,"column":31}},"4":{"start":{"line":5,"column":0},"end":{"line":5,"column":42}},"5":{"start":{"line":6,"column":0},"end":{"line":6,"column":9}},"8":{"start":{"line":9,"column":0},"end":{"line":9,"column":12}},"9":{"start":{"line":10,"column":0},"end":{"line":10,"column":14}},"32":{"start":{"line":33,"column":0},"end":{"line":33,"column":2}},"34":{"start":{"line":35,"column":0},"end":{"line":35,"column":31}}},"s":{"1":1,"2":1,"4":1,"5":7,"8":7,"9":7,"32":1,"34":1},"branchMap":{"0":{"type":"branch","line":5,"loc":{"start":{"line":5,"column":35},"end":{"line":33,"column":1}},"locations":[{"start":{"line":5,"column":35},"end":{"line":33,"column":1}}]},"1":{"type":"branch","line":6,"loc":{"start":{"line":6,"column":1},"end":{"line":10,"column":14}},"locations":[{"start":{"line":6,"column":1},"end":{"line":10,"column":14}}]}},"b":{"0":[7],"1":[7]},"fnMap":{"0":{"name":"SpinnerConfetti.location","decl":{"start":{"line":5,"column":35},"end":{"line":33,"column":1}},"loc":{"start":{"line":5,"column":35},"end":{"line":33,"column":1}},"line":5}},"f":{"0":7}}
,"/home/runner/work/regenfass/regenfass/installer/src/components/atoms/Status.tsx": {"path":"/home/runner/work/regenfass/regenfass/installer/src/components/atoms/Status.tsx","all":false,"statementMap":{"0":{"start":{"line":1,"column":0},"end":{"line":1,"column":52}},"1":{"start":{"line":2,"column":0},"end":{"line":2,"column":34}},"2":{"start":{"line":3,"column":0},"end":{"line":3,"column":40}},"9":{"start":{"line":10,"column":0},"end":{"line":10,"column":51}},"10":{"start":{"line":11,"column":0},"end":{"line":11,"column":32}},"11":{"start":{"line":12,"column":0},"end":{"line":12,"column":27}},"12":{"start":{"line":13,"column":0},"end":{"line":13,"column":21}},"13":{"start":{"line":14,"column":0},"end":{"line":14,"column":30}},"14":{"start":{"line":15,"column":0},"end":{"line":15,"column":19}},"15":{"start":{"line":16,"column":0},"end":{"line":16,"column":32}},"16":{"start":{"line":17,"column":0},"end":{"line":17,"column":21}},"17":{"start":{"line":18,"column":0},"end":{"line":18,"column":28}},"18":{"start":{"line":19,"column":0},"end":{"line":19,"column":14}},"19":{"start":{"line":20,"column":0},"end":{"line":20,"column":26}},"20":{"start":{"line":21,"column":0},"end":{"line":21,"column":5}},"21":{"start":{"line":22,"column":0},"end":{"line":22,"column":4}},"23":{"start":{"line":24,"column":0},"end":{"line":24,"column":30}},"24":{"start":{"line":25,"column":0},"end":{"line":25,"column":27}},"25":{"start":{"line":26,"column":0},"end":{"line":26,"column":21}},"26":{"start":{"line":27,"column":0},"end":{"line":27,"column":30}},"27":{"start":{"line":28,"column":0},"end":{"line":28,"column":19}},"28":{"start":{"line":29,"column":0},"end":{"line":29,"column":35}},"29":{"start":{"line":30,"column":0},"end":{"line":30,"column":21}},"30":{"start":{"line":31,"column":0},"end":{"line":31,"column":31}},"31":{"start":{"line":32,"column":0},"end":{"line":32,"column":14}},"32":{"start":{"line":33,"column":0},"end":{"line":33,"column":29}},"33":{"start":{"line":34,"column":0},"end":{"line":34,"column":5}},"34":{"start":{"line":35,"column":0},"end":{"line":35,"column":4}},"36":{"start":{"line":37,"column":0},"end":{"line":37,"column":10}},"38":{"start":{"line":39,"column":0},"end":{"line":39,"column":14}},"39":{"start":{"line":40,"column":0},"end":{"line":40,"column":49}},"40":{"start":{"line":41,"column":0},"end":{"line":41,"column":52}},"42":{"start":{"line":43,"column":0},"end":{"line":43,"column":49}},"45":{"start":{"line":46,"column":0},"end":{"line":46,"column":32}},"47":{"start":{"line":48,"column":0},"end":{"line":48,"column":28}},"48":{"start":{"line":49,"column":0},"end":{"line":49,"column":88}},"49":{"start":{"line":50,"column":0},"end":{"line":50,"column":28}},"50":{"start":{"line":51,"column":0},"end":{"line":51,"column":22}},"51":{"start":{"line":52,"column":0},"end":{"line":52,"column":28}},"52":{"start":{"line":53,"column":0},"end":{"line":53,"column":58}},"53":{"start":{"line":54,"column":0},"end":{"line":54,"column":30}},"54":{"start":{"line":55,"column":0},"end":{"line":55,"column":22}},"58":{"start":{"line":59,"column":0},"end":{"line":59,"column":88}},"61":{"start":{"line":62,"column":0},"end":{"line":62,"column":2}},"63":{"start":{"line":64,"column":0},"end":{"line":64,"column":22}}},"s":{"0":1,"1":1,"2":1,"9":1,"10":38,"11":37,"12":37,"13":2,"14":37,"15":1,"16":37,"17":0,"18":37,"19":34,"20":37,"21":37,"23":38,"24":37,"25":37,"26":2,"27":37,"28":1,"29":37,"30":0,"31":37,"32":34,"33":37,"34":37,"36":38,"38":38,"39":38,"40":1,"42":38,"45":37,"47":37,"48":37,"49":37,"50":37,"51":37,"52":37,"53":37,"54":37,"58":38,"61":1,"63":1},"branchMap":{"0":{"type":"branch","line":10,"loc":{"start":{"line":10,"column":40},"end":{"line":62,"column":1}},"locations":[{"start":{"line":10,"column":40},"end":{"line":62,"column":1}}]},"1":{"type":"branch","line":11,"loc":{"start":{"line":11,"column":25},"end":{"line":22,"column":4}},"locations":[{"start":{"line":11,"column":25},"end":{"line":22,"column":4}}]},"2":{"type":"branch","line":13,"loc":{"start":{"line":13,"column":6},"end":{"line":14,"column":30}},"locations":[{"start":{"line":13,"column":6},"end":{"line":14,"column":30}}]},"3":{"type":"branch","line":15,"loc":{"start":{"line":15,"column":6},"end":{"line":16,"column":32}},"locations":[{"start":{"line":15,"column":6},"end":{"line":16,"column":32}}]},"4":{"type":"branch","line":17,"loc":{"start":{"line":17,"column":6},"end":{"line":18,"column":28}},"locations":[{"start":{"line":17,"column":6},"end":{"line":18,"column":28}}]},"5":{"type":"branch","line":19,"loc":{"start":{"line":19,"column":6},"end":{"line":20,"column":26}},"locations":[{"start":{"line":19,"column":6},"end":{"line":20,"column":26}}]},"6":{"type":"branch","line":24,"loc":{"start":{"line":24,"column":23},"end":{"line":35,"column":4}},"locations":[{"start":{"line":24,"column":23},"end":{"line":35,"column":4}}]},"7":{"type":"branch","line":26,"loc":{"start":{"line":26,"column":6},"end":{"line":27,"column":30}},"locations":[{"start":{"line":26,"column":6},"end":{"line":27,"column":30}}]},"8":{"type":"branch","line":28,"loc":{"start":{"line":28,"column":6},"end":{"line":29,"column":35}},"locations":[{"start":{"line":28,"column":6},"end":{"line":29,"column":35}}]},"9":{"type":"branch","line":30,"loc":{"start":{"line":30,"column":6},"end":{"line":31,"column":31}},"locations":[{"start":{"line":30,"column":6},"end":{"line":31,"column":31}}]},"10":{"type":"branch","line":32,"loc":{"start":{"line":32,"column":6},"end":{"line":33,"column":29}},"locations":[{"start":{"line":32,"column":6},"end":{"line":33,"column":29}}]},"11":{"type":"branch","line":37,"loc":{"start":{"line":37,"column":2},"end":{"line":59,"column":70}},"locations":[{"start":{"line":37,"column":2},"end":{"line":59,"column":70}}]},"12":{"type":"branch","line":39,"loc":{"start":{"line":39,"column":13},"end":{"line":55,"column":22}},"locations":[{"start":{"line":39,"column":13},"end":{"line":55,"column":22}}]},"13":{"type":"branch","line":40,"loc":{"start":{"line":40,"column":14},"end":{"line":40,"column":49}},"locations":[{"start":{"line":40,"column":14},"end":{"line":40,"column":49}}]},"14":{"type":"branch","line":40,"loc":{"start":{"line":40,"column":47},"end":{"line":41,"column":52}},"locations":[{"start":{"line":40,"column":47},"end":{"line":41,"column":52}}]},"15":{"type":"branch","line":43,"loc":{"start":{"line":43,"column":14},"end":{"line":43,"column":49}},"locations":[{"start":{"line":43,"column":14},"end":{"line":43,"column":49}}]},"16":{"type":"branch","line":43,"loc":{"start":{"line":43,"column":47},"end":{"line":55,"column":22}},"locations":[{"start":{"line":43,"column":47},"end":{"line":55,"column":22}}]},"17":{"type":"branch","line":43,"loc":{"start":{"line":43,"column":47},"end":{"line":55,"column":22}},"locations":[{"start":{"line":43,"column":47},"end":{"line":55,"column":22}}]},"18":{"type":"branch","line":55,"loc":{"start":{"line":55,"column":13},"end":{"line":59,"column":83}},"locations":[{"start":{"line":55,"column":13},"end":{"line":59,"column":83}}]},"19":{"type":"branch","line":59,"loc":{"start":{"line":59,"column":83},"end":{"line":59,"column":70}},"locations":[{"start":{"line":59,"column":83},"end":{"line":59,"column":70}}]}},"b":{"0":[38],"1":[37],"2":[2],"3":[1],"4":[0],"5":[34],"6":[37],"7":[2],"8":[1],"9":[0],"10":[34],"11":[38],"12":[38],"13":[38],"14":[1],"15":[37],"16":[37],"17":[37],"18":[38],"19":[38]},"fnMap":{"0":{"name":"Status.location","decl":{"start":{"line":10,"column":40},"end":{"line":62,"column":1}},"loc":{"start":{"line":10,"column":40},"end":{"line":62,"column":1}},"line":10},"1":{"name":"getStatusColor","decl":{"start":{"line":11,"column":25},"end":{"line":22,"column":4}},"loc":{"start":{"line":11,"column":25},"end":{"line":22,"column":4}},"line":11},"2":{"name":"getPingColor","decl":{"start":{"line":24,"column":23},"end":{"line":35,"column":4}},"loc":{"start":{"line":24,"column":23},"end":{"line":35,"column":4}},"line":24},"3":{"name":"get children","decl":{"start":{"line":39,"column":13},"end":{"line":55,"column":22}},"loc":{"start":{"line":39,"column":13},"end":{"line":55,"column":22}},"line":39},"4":{"name":"get when","decl":{"start":{"line":40,"column":14},"end":{"line":40,"column":49}},"loc":{"start":{"line":40,"column":14},"end":{"line":40,"column":49}},"line":40},"5":{"name":"get children","decl":{"start":{"line":40,"column":47},"end":{"line":41,"column":52}},"loc":{"start":{"line":40,"column":47},"end":{"line":41,"column":52}},"line":40},"6":{"name":"get when","decl":{"start":{"line":43,"column":14},"end":{"line":43,"column":49}},"loc":{"start":{"line":43,"column":14},"end":{"line":43,"column":49}},"line":43},"7":{"name":"get children","decl":{"start":{"line":43,"column":47},"end":{"line":55,"column":22}},"loc":{"start":{"line":43,"column":47},"end":{"line":55,"column":22}},"line":43},"8":{"name":"e","decl":{"start":{"line":43,"column":47},"end":{"line":55,"column":22}},"loc":{"start":{"line":43,"column":47},"end":{"line":55,"column":22}},"line":43}},"f":{"0":38,"1":37,"2":37,"3":38,"4":38,"5":1,"6":37,"7":37,"8":37}}
,"/home/runner/work/regenfass/regenfass/installer/src/components/forms/AppKeyHexField.tsx": {"path":"/home/runner/work/regenfass/regenfass/installer/src/components/forms/AppKeyHexField.tsx","all":false,"statementMap":{"0":{"start":{"line":1,"column":0},"end":{"line":1,"column":34}},"1":{"start":{"line":2,"column":0},"end":{"line":2,"column":8}},"8":{"start":{"line":9,"column":0},"end":{"line":9,"column":64}},"9":{"start":{"line":10,"column":0},"end":{"line":10,"column":43}},"11":{"start":{"line":12,"column":0},"end":{"line":12,"column":71}},"22":{"start":{"line":23,"column":0},"end":{"line":23,"column":23}},"25":{"start":{"line":26,"column":0},"end":{"line":26,"column":28}},"28":{"start":{"line":29,"column":0},"end":{"line":29,"column":31}},"31":{"start":{"line":32,"column":0},"end":{"line":32,"column":61}},"34":{"start":{"line":35,"column":0},"end":{"line":35,"column":60}},"36":{"start":{"line":37,"column":0},"end":{"line":37,"column":31}},"40":{"start":{"line":41,"column":0},"end":{"line":41,"column":17}},"41":{"start":{"line":42,"column":0},"end":{"line":42,"column":41}},"42":{"start":{"line":43,"column":0},"end":{"line":43,"column":33}},"44":{"start":{"line":45,"column":0},"end":{"line":45,"column":16}},"45":{"start":{"line":46,"column":0},"end":{"line":46,"column":24}},"46":{"start":{"line":47,"column":0},"end":{"line":47,"column":22}},"47":{"start":{"line":48,"column":0},"end":{"line":48,"column":19}},"48":{"start":{"line":49,"column":0},"end":{"line":49,"column":38}},"49":{"start":{"line":50,"column":0},"end":{"line":50,"column":46}},"50":{"start":{"line":51,"column":0},"end":{"line":51,"column":42}},"51":{"start":{"line":52,"column":0},"end":{"line":52,"column":47}},"52":{"start":{"line":53,"column":0},"end":{"line":53,"column":21}},"53":{"start":{"line":54,"column":0},"end":{"line":54,"column":5}},"54":{"start":{"line":55,"column":0},"end":{"line":55,"column":6}},"55":{"start":{"line":56,"column":0},"end":{"line":56,"column":35}},"56":{"start":{"line":57,"column":0},"end":{"line":57,"column":16}},"57":{"start":{"line":58,"column":0},"end":{"line":58,"column":31}},"58":{"start":{"line":59,"column":0},"end":{"line":59,"column":7}},"59":{"start":{"line":60,"column":0},"end":{"line":60,"column":6}},"60":{"start":{"line":61,"column":0},"end":{"line":61,"column":42}},"61":{"start":{"line":62,"column":0},"end":{"line":62,"column":32}},"62":{"start":{"line":63,"column":0},"end":{"line":63,"column":33}},"63":{"start":{"line":64,"column":0},"end":{"line":64,"column":7}},"64":{"start":{"line":65,"column":0},"end":{"line":65,"column":55}},"66":{"start":{"line":67,"column":0},"end":{"line":67,"column":35}},"67":{"start":{"line":68,"column":0},"end":{"line":68,"column":5}},"68":{"start":{"line":69,"column":0},"end":{"line":69,"column":69}},"69":{"start":{"line":70,"column":0},"end":{"line":70,"column":5}},"70":{"start":{"line":71,"column":0},"end":{"line":71,"column":4}},"72":{"start":{"line":73,"column":0},"end":{"line":73,"column":18}},"73":{"start":{"line":74,"column":0},"end":{"line":74,"column":17}},"74":{"start":{"line":75,"column":0},"end":{"line":75,"column":4}},"76":{"start":{"line":77,"column":0},"end":{"line":77,"column":9}},"78":{"start":{"line":79,"column":0},"end":{"line":79,"column":59}},"79":{"start":{"line":80,"column":0},"end":{"line":80,"column":27}},"80":{"start":{"line":81,"column":0},"end":{"line":81,"column":16}},"82":{"start":{"line":83,"column":0},"end":{"line":83,"column":12}},"84":{"start":{"line":85,"column":0},"end":{"line":85,"column":7}},"89":{"start":{"line":90,"column":0},"end":{"line":90,"column":2}},"92":{"start":{"line":93,"column":0},"end":{"line":93,"column":74}},"93":{"start":{"line":94,"column":0},"end":{"line":94,"column":53}},"94":{"start":{"line":95,"column":0},"end":{"line":95,"column":53}},"95":{"start":{"line":96,"column":0},"end":{"line":96,"column":75}},"97":{"start":{"line":98,"column":0},"end":{"line":98,"column":23}},"98":{"start":{"line":99,"column":0},"end":{"line":99,"column":23}},"100":{"start":{"line":101,"column":0},"end":{"line":101,"column":31}},"101":{"start":{"line":102,"column":0},"end":{"line":102,"column":21}},"102":{"start":{"line":103,"column":0},"end":{"line":103,"column":22}},"103":{"start":{"line":104,"column":0},"end":{"line":104,"column":20}},"104":{"start":{"line":105,"column":0},"end":{"line":105,"column":20}},"105":{"start":{"line":106,"column":0},"end":{"line":106,"column":3}},"107":{"start":{"line":108,"column":0},"end":{"line":108,"column":18}},"108":{"start":{"line":109,"column":0},"end":{"line":109,"column":19}},"109":{"start":{"line":110,"column":0},"end":{"line":110,"column":4}},"111":{"start":{"line":112,"column":0},"end":{"line":112,"column":63}},"112":{"start":{"line":113,"column":0},"end":{"line":113,"column":72}},"113":{"start":{"line":114,"column":0},"end":{"line":114,"column":41}},"115":{"start":{"line":116,"column":0},"end":{"line":116,"column":33}},"116":{"start":{"line":117,"column":0},"end":{"line":117,"column":67}},"118":{"start":{"line":119,"column":0},"end":{"line":119,"column":31}},"119":{"start":{"line":120,"column":0},"end":{"line":120,"column":21}},"120":{"start":{"line":121,"column":0},"end":{"line":121,"column":39}},"121":{"start":{"line":122,"column":0},"end":{"line":122,"column":25}},"122":{"start":{"line":123,"column":0},"end":{"line":123,"column":20}},"123":{"start":{"line":124,"column":0},"end":{"line":124,"column":21}},"124":{"start":{"line":125,"column":0},"end":{"line":125,"column":3}},"125":{"start":{"line":126,"column":0},"end":{"line":126,"column":3}},"127":{"start":{"line":128,"column":0},"end":{"line":128,"column":32}},"128":{"start":{"line":129,"column":0},"end":{"line":129,"column":38}},"129":{"start":{"line":130,"column":0},"end":{"line":130,"column":50}},"130":{"start":{"line":131,"column":0},"end":{"line":131,"column":27}},"131":{"start":{"line":13
[...]
,"/home/runner/work/regenfass/regenfass/installer/src/libs/hexKeyDisplay.ts": {"path":"/home/runner/work/regenfass/regenfass/installer/src/libs/hexKeyDisplay.ts","all":false,"statementMap":{"1":{"start":{"line":2,"column":0},"end":{"line":2,"column":62}},"2":{"start":{"line":3,"column":0},"end":{"line":3,"column":58}},"3":{"start":{"line":4,"column":0},"end":{"line":4,"column":28}},"4":{"start":{"line":5,"column":0},"end":{"line":5,"column":1}},"7":{"start":{"line":8,"column":0},"end":{"line":8,"column":65}},"8":{"start":{"line":9,"column":0},"end":{"line":9,"column":42}},"9":{"start":{"line":10,"column":0},"end":{"line":10,"column":31}},"10":{"start":{"line":11,"column":0},"end":{"line":11,"column":1}},"13":{"start":{"line":14,"column":0},"end":{"line":14,"column":84}},"14":{"start":{"line":15,"column":0},"end":{"line":15,"column":62}},"15":{"start":{"line":16,"column":0},"end":{"line":16,"column":1}},"18":{"start":{"line":19,"column":0},"end":{"line":19,"column":61}},"19":{"start":{"line":20,"column":0},"end":{"line":20,"column":47}},"20":{"start":{"line":21,"column":0},"end":{"line":21,"column":1}},"22":{"start":{"line":23,"column":0},"end":{"line":23,"column":40}},"25":{"start":{"line":26,"column":0},"end":{"line":26,"column":57}},"26":{"start":{"line":27,"column":0},"end":{"line":27,"column":28}},"27":{"start":{"line":28,"column":0},"end":{"line":28,"column":12}},"28":{"start":{"line":29,"column":0},"end":{"line":29,"column":35}},"29":{"start":{"line":30,"column":0},"end":{"line":30,"column":53}},"30":{"start":{"line":31,"column":0},"end":{"line":31,"column":2}},"31":{"start":{"line":32,"column":0},"end":{"line":32,"column":10}},"32":{"start":{"line":33,"column":0},"end":{"line":33,"column":1}},"35":{"start":{"line":36,"column":0},"end":{"line":36,"column":79}},"36":{"start":{"line":37,"column":0},"end":{"line":37,"column":63}},"37":{"start":{"line":38,"column":0},"end":{"line":38,"column":1}},"40":{"start":{"line":41,"column":0},"end":{"line":41,"column":69}},"41":{"start":{"line":42,"column":0},"end":{"line":42,"column":27}},"42":{"start":{"line":43,"column":0},"end":{"line":43,"column":41}},"43":{"start":{"line":44,"column":0},"end":{"line":44,"column":1}},"46":{"start":{"line":47,"column":0},"end":{"line":47,"column":80}},"47":{"start":{"line":48,"column":0},"end":{"line":48,"column":53}},"48":{"start":{"line":49,"column":0},"end":{"line":49,"column":69}},"49":{"start":{"line":50,"column":0},"end":{"line":50,"column":27}},"50":{"start":{"line":51,"column":0},"end":{"line":51,"column":37}},"51":{"start":{"line":52,"column":0},"end":{"line":52,"column":34}},"52":{"start":{"line":53,"column":0},"end":{"line":53,"column":2}},"53":{"start":{"line":54,"column":0},"end":{"line":54,"column":19}},"54":{"start":{"line":55,"column":0},"end":{"line":55,"column":13}},"55":{"start":{"line":56,"column":0},"end":{"line":56,"column":1}}},"s":{"1":1,"2":2,"3":2,"4":2,"7":1,"8":22,"9":22,"10":22,"13":1,"14":0,"15":0,"18":1,"19":288,"20":288,"22":1,"25":1,"26":537,"27":537,"28":537,"29":1074,"30":1074,"31":537,"32":537,"35":1,"36":0,"37":0,"40":1,"41":63,"42":63,"43":63,"46":1,"47":16,"48":16,"49":16,"50":16,"51":537,"52":537,"53":16,"54":16,"55":16},"branchMap":{"0":{"type":"branch","line":2,"loc":{"start":{"line":2,"column":7},"end":{"line":5,"column":1}},"locations":[{"start":{"line":2,"column":7},"end":{"line":5,"column":1}}]},"1":{"type":"branch","line":3,"loc":{"start":{"line":3,"column":50},"end":{"line":3,"column":58}},"locations":[{"start":{"line":3,"column":50},"end":{"line":3,"column":58}}]},"2":{"type":"branch","line":8,"loc":{"start":{"line":8,"column":7},"end":{"line":11,"column":1}},"locations":[{"start":{"line":8,"column":7},"end":{"line":11,"column":1}}]},"3":{"type":"branch","line":10,"loc":{"start":{"line":10,"column":8},"end":{"line":10,"column":20}},"locations":[{"start":{"line":10,"column":8},"end":{"line":10,"column":20}}]},"4":{"type":"branch","line":10,"loc":{"start":{"line":10,"column":23},"end":{"line":10,"column":31}},"locations":[{"start":{"line":10,"column":23},"end":{"line":10,"column":31}}]},"5":{"type":"branch","line":19,"loc":{"start":{"line":19,"column":7},"end":{"line":21,"column":1}},"locations":[{"start":{"line":19,"column":7},"end":{"line":21,"column":1}}]},"6":{"type":"branch","line":26,"loc":{"start":{"line":26,"column":7},"end":{"line":33,"column":1}},"locations":[{"start":{"line":26,"column":7},"end":{"line":33,"column":1}}]},"7":{"type":"branch","line":27,"loc":{"start":{"line":27,"column":18},"end":{"line":27,"column":28}},"locations":[{"start":{"line":27,"column":18},"end":{"line":27,"column":28}}]},"8":{"type":"branch","line":29,"loc":{"start":{"line":29,"column":34},"end":{"line":31,"column":2}},"locations":[{"start":{"line":29,"column":34},"end":{"line":31,"column":2}}]},"9":{"type":"branch","line":41,"loc":{"start":{"line":41,"column":7},"end":{"line":44,"column":1}},"locations":[{"start":{"line":41,"column":7},"end":{"line":44,"column":1}}]},"10":{"type":"branch","line":42,"loc":{"start":{"line":42,"column":17},"end":{"line":42,"column":27}},"locations":[{"start":{"line":42,"column":17},"end":{"line":42,"column":27}}]},"11":{"type":"branch","line":42,"loc":{"start":{"line":42,"column":25},"end":{"line":43,"column":38}},"locations":[{"start":{"line":42,"column":25},"end":{"line":43,"column":38}}]},"12":{"type":"branch","line":43,"loc":{"start":{"line":43,"column":33},"end":{"line":43,"column":41}},"locations":[{"start":{"line":43,"column":33},"end":{"line":43,"column":41}}]},"13":{"type":"branch","line":47,"loc":{"start":{"line":47,"column":7},"end":{"line":56,"column":1}},"locations":[{"start":{"line":47,"column":7},"end":{"line":56,"column":1}}]},"14":{"type":"branch","line":51,"loc":{"start":{"line":51,"column":36},"end":{"line":53,"column":2}},"locations":[{"start":{"line":51,"column":36},"end":{"line":53,"column":2}}]}},"b":{"0":[2],"1":[0],"2":[22],"3":[20],"4":[2],"5":[288],"6":[537],"7":[0],"8":[1074],"9":[63],"10":[6],"11":[57],"12":[0],"13":[16],"14":[537]},"fnMap":{"0":{"name":"normalizeAppKeyHexInput","decl":{"start":{"line":2,"column":7},"end":{"line":5,"column":1}},"loc":{"start":{"line":2,"column":7},"end":{"line":5,"column":1}},"line":2},"1":{"name":"formatAppKeyHexPairs","decl":{"start":{"line":8,"column":7},"end":{"line":11,"column":1}},"loc":{"start":{"line":8,"column":7},"end":{"line":11,"column":1}},"line":8},"2":{"name":"maskAppKeyFormattedForDisplay","decl":{"start":{"line":14,"column":7},"end":{"line":16,"column":1}},"loc":{"start":{"line":14,"column":7},"end":{"line":16,"column":1}},"line":14},"3":{"name":"maskHexPairForDisplay","decl":{"start":{"line":19,"column":7},"end":{"line":21,"column":1}},"loc":{"start":{"line":19,"column":7},"end":{"line":21,"column":1}},"line":19},"4":{"name":"randomHexString","decl":{"start":{"line":26,"column":7},"end":{"line":33,"column":1}},"loc":{"start":{"line":26,"column":7},"end":{"line":33,"column":1}},"line":26},"5":{"name":"randomFormattedAppKeyPreview","decl":{"start":{"line":36,"column":7},"end":{"line":38,"column":1}},"loc":{"start":{"line":36,"column":7},"end":{"line":38,"column":1}},"line":36},"6":{"name":"splitCanonicalHexPairs","decl":{"start":{"line":41,"column":7},"end":{"line":44,"column":1}},"loc":{"start":{"line":41,"column":7},"end":{"line":44,"column":1}},"line":41},"7":{"name":"buildSlotReelRows","decl":{"start":{"line":47,"column":7},"end":{"line":56,"column":1}},"loc":{"start":{"line":47,"column":7},"end":{"line":56,"column":1}},"line":47}},"f":{"0":2,"1":22,"2":0,"3":288,"4":537,"5":0,"6":63,"7":16}}
,"/home/runner/work/regenfass/regenfass/installer/src/libs/slotRevealSound.ts": {"path":"/home/runner/work/regenfass/regenfass/installer/src/libs/slotRevealSound.ts","all":false,"statementMap":{"1":{"start":{"line":2,"column":0},"end":{"line":2,"column":45}},"2":{"start":{"line":3,"column":0},"end":{"line":3,"column":6}},"3":{"start":{"line":4,"column":0},"end":{"line":4,"column":12}},"4":{"start":{"line":5,"column":0},"end":{"line":5,"column":25}},"5":{"start":{"line":6,"column":0},"end":{"line":6,"column":89}},"6":{"start":{"line":7,"column":0},"end":{"line":7,"column":18}},"7":{"start":{"line":8,"column":0},"end":{"line":8,"column":23}},"8":{"start":{"line":9,"column":0},"end":{"line":9,"column":20}},"9":{"start":{"line":10,"column":0},"end":{"line":10,"column":29}},"11":{"start":{"line":12,"column":0},"end":{"line":12,"column":49}},"12":{"start":{"line":13,"column":0},"end":{"line":13,"column":42}},"13":{"start":{"line":14,"column":0},"end":{"line":14,"column":38}},"14":{"start":{"line":15,"column":0},"end":{"line":15,"column":33}},"15":{"start":{"line":16,"column":0},"end":{"line":16,"column":21}},"16":{"start":{"line":17,"column":0},"end":{"line":17,"column":35}},"17":{"start":{"line":18,"column":0},"end":{"line":18,"column":32}},"18":{"start":{"line":19,"column":0},"end":{"line":19,"column":38}},"19":{"start":{"line":20,"column":0},"end":{"line":20,"column":57}},"20":{"start":{"line":21,"column":0},"end":{"line":21,"column":63}},"21":{"start":{"line":22,"column":0},"end":{"line":22,"column":21}},"22":{"start":{"line":23,"column":0},"end":{"line":23,"column":33}},"23":{"start":{"line":24,"column":0},"end":{"line":24,"column":20}},"24":{"start":{"line":25,"column":0},"end":{"line":25,"column":26}},"25":{"start":{"line":26,"column":0},"end":{"line":26,"column":3}},"26":{"start":{"line":27,"column":0},"end":{"line":27,"column":10}},"28":{"start":{"line":29,"column":0},"end":{"line":29,"column":2}},"29":{"start":{"line":30,"column":0},"end":{"line":30,"column":1}}},"s":{"1":1,"2":1,"3":1,"4":1,"5":1,"6":1,"7":0,"8":0,"9":0,"11":0,"12":0,"13":0,"14":0,"15":0,"16":0,"17":0,"18":0,"19":0,"20":0,"21":0,"22":0,"23":0,"24":0,"25":0,"26":0,"28":0,"29":1},"branchMap":{"0":{"type":"branch","line":2,"loc":{"start":{"line":2,"column":7},"end":{"line":30,"column":1}},"locations":[{"start":{"line":2,"column":7},"end":{"line":30,"column":1}}]},"1":{"type":"branch","line":7,"loc":{"start":{"line":7,"column":11},"end":{"line":29,"column":2}},"locations":[{"start":{"line":7,"column":11},"end":{"line":29,"column":2}}]}},"b":{"0":[1],"1":[0]},"fnMap":{"0":{"name":"playSlotRevealSound","decl":{"start":{"line":2,"column":7},"end":{"line":30,"column":1}},"loc":{"start":{"line":2,"column":7},"end":{"line":30,"column":1}},"line":2}},"f":{"0":1}}
,"/home/runner/work/regenfass/regenfass/installer/src/libs/steps.ts": {"path":"/home/runner/work/regenfass/regenfass/installer/src/libs/steps.ts","all":true,"statementMap":{"0":{"start":{"line":1,"column":0},"end":{"line":1,"column":79}},"1":{"start":{"line":2,"column":0},"end":{"line":2,"column":67}},"2":{"start":{"line":3,"column":0},"end":{"line":3,"column":65}},"3":{"start":{"line":4,"column":0},"end":{"line":4,"column":67}},"13":{"start":{"line":14,"column":0},"end":{"line":14,"column":87}}},"s":{"0":0,"1":0,"2":0,"3":0,"13":0},"branchMap":{"0":{"type":"branch","line":1,"loc":{"start":{"line":1,"column":519},"end":{"line":14,"column":87}},"locations":[{"start":{"line":1,"column":519},"end":{"line":14,"column":87}}]}},"b":{"0":[0]},"fnMap":{"0":{"name":"(empty-report)","decl":{"start":{"line":1,"column":519},"end":{"line":14,"column":87}},"loc":{"start":{"line":1,"column":519},"end":{"line":14,"column":87}},"line":1}},"f":{"0":0}}
,"/home/runner/work/regenfass/regenfass/installer/src/libs/install/config.ts": {"path":"/home/runner/work/regenfass/regenfass/installer/src/libs/install/config.ts","all":true,"statementMap":{"0":{"start":{"line":1,"column":0},"end":{"line":1,"column":21}},"1":{"start":{"line":2,"column":0},"end":{"line":2,"column":18}},"2":{"start":{"line":3,"column":0},"end":{"line":3,"column":18}},"3":{"start":{"line":4,"column":0},"end":{"line":4,"column":18}},"4":{"start":{"line":5,"column":0},"end":{"line":5,"column":11}},"31":{"start":{"line":32,"column":0},"end":{"line":32,"column":74}},"32":{"start":{"line":33,"column":0},"end":{"line":33,"column":18}},"33":{"start":{"line":34,"column":0},"end":{"line":34,"column":16}},"34":{"start":{"line":35,"column":0},"end":{"line":35,"column":44}},"35":{"start":{"line":36,"column":0},"end":{"line":36,"column":22}},"36":{"start":{"line":37,"column":0},"end":{"line":37,"column":27}},"37":{"start":{"line":38,"column":0},"end":{"line":38,"column":30}},"39":{"start":{"line":40,"column":0},"end":{"line":40,"column":77}},"44":{"start":{"line":45,"column":0},"end":{"line":45,"column":28}},"45":{"start":{"line":46,"column":0},"end":{"line":46,"column":3}},"46":{"start":{"line":47,"column":0},"end":{"line":47,"column":32}},"47":{"start":{"line":48,"column":0},"end":{"line":48,"column":9}},"48":{"start":{"line":49,"column":0},"end":{"line":49,"column":13}},"49":{"start":{"line":50,"column":0},"end":{"line":50,"column":13}},"50":{"start":{"line":51,"column":0},"end":{"line":51,"column":13}},"51":{"start":{"line":52,"column":0},"end":{"line":52,"column":4}},"52":{"start":{"line":53,"column":0},"end":{"line":53,"column":23}},"53":{"start":{"line":54,"column":0},"end":{"line":54,"column":43}},"54":{"start":{"line":55,"column":0},"end":{"line":55,"column":43}},"55":{"start":{"line":56,"column":0},"end":{"line":56,"column":43}},"57":{"start":{"line":58,"column":0},"end":{"line":58,"column":36}},"58":{"start":{"line":59,"column":0},"end":{"line":59,"column":3}},"59":{"start":{"line":60,"column":0},"end":{"line":60,"column":14}},"60":{"start":{"line":61,"column":0},"end":{"line":61,"column":65}},"61":{"start":{"line":62,"column":0},"end":{"line":62,"column":3}},"62":{"start":{"line":63,"column":0},"end":{"line":63,"column":8}},"63":{"start":{"line":64,"column":0},"end":{"line":64,"column":53}},"64":{"start":{"line":65,"column":0},"end":{"line":65,"column":2}},"65":{"start":{"line":66,"column":0},"end":{"line":66,"column":2}},"69":{"start":{"line":70,"column":0},"end":{"line":70,"column":42}},"71":{"start":{"line":72,"column":0},"end":{"line":72,"column":43}},"72":{"start":{"line":73,"column":0},"end":{"line":73,"column":45}}},"s":{"0":0,"1":0,"2":0,"3":0,"4":0,"31":0,"32":0,"33":0,"34":0,"35":0,"36":0,"37":0,"39":0,"44":0,"45":0,"46":0,"47":0,"48":0,"49":0,"50":0,"51":0,"52":0,"53":0,"54":0,"55":0,"57":0,"58":0,"59":0,"60":0,"61":0,"62":0,"63":0,"64":0,"65":0,"69":0,"71":0,"72":0},"branchMap":{"0":{"type":"branch","line":1,"loc":{"start":{"line":1,"column":2023},"end":{"line":79,"column":2}},"locations":[{"start":{"line":1,"column":2023},"end":{"line":79,"column":2}}]}},"b":{"0":[0]},"fnMap":{"0":{"name":"(empty-report)","decl":{"start":{"line":1,"column":2023},"end":{"line":79,"column":2}},"loc":{"start":{"line":1,"column":2023},"end":{"line":79,"column":2}},"line":1}},"f":{"0":0}}
,"/home/runner/work/regenfass/regenfass/installer/src/libs/install/installationActiveStep.ts": {"path":"/home/runner/work/regenfass/regenfass/installer/src/libs/install/installationActiveStep.ts","all":false,"statementMap":{"13":{"start":{"line":14,"column":0},"end":{"line":14,"column":42}},"14":{"start":{"line":15,"column":0},"end":{"line":15,"column":16}},"15":{"start":{"line":16,"column":0},"end":{"line":16,"column":39}},"16":{"start":{"line":17,"column":0},"end":{"line":17,"column":5}},"17":{"start":{"line":18,"column":0},"end":{"line":18,"column":30}},"18":{"start":{"line":19,"column":0},"end":{"line":19,"column":19}},"19":{"start":{"line":20,"column":0},"end":{"line":20,"column":64}},"20":{"start":{"line":21,"column":0},"end":{"line":21,"column":4}},"21":{"start":{"line":22,"column":0},"end":{"line":22,"column":19}},"22":{"start":{"line":23,"column":0},"end":{"line":23,"column":2}},"25":{"start":{"line":26,"column":0},"end":{"line":26,"column":69}},"27":{"start":{"line":28,"column":0},"end":{"line":28,"column":46}},"28":{"start":{"line":29,"column":0},"end":{"line":29,"column":11}},"29":{"start":{"line":30,"column":0},"end":{"line":30,"column":2}},"30":{"start":{"line":31,"column":0},"end":{"line":31,"column":70}},"31":{"start":{"line":32,"column":0},"end":{"line":32,"column":11}},"32":{"start":{"line":33,"column":0},"end":{"line":33,"column":2}},"33":{"start":{"line":34,"column":0},"end":{"line":34,"column":5}},"34":{"start":{"line":35,"column":0},"end":{"line":35,"column":45}},"35":{"start":{"line":36,"column":0},"end":{"line":36,"column":43}},"36":{"start":{"line":37,"column":0},"end":{"line":37,"column":44}},"37":{"start":{"line":38,"column":0},"end":{"line":38,"column":4}},"38":{"start":{"line":39,"column":0},"end":{"line":39,"column":11}},"39":{"start":{"line":40,"column":0},"end":{"line":40,"column":2}},"41":{"start":{"line":42,"column":0},"end":{"line":42,"column":18}},"42":{"start":{"line":43,"column":0},"end":{"line":43,"column":1}}},"s":{"13":1,"14":136,"15":136,"16":136,"17":136,"18":135,"19":134,"20":136,"21":4,"22":4,"25":132,"27":136,"28":1,"29":1,"30":136,"31":61,"32":61,"33":70,"34":70,"35":33,"36":32,"37":136,"38":63,"39":63,"41":7,"42":7},"branchMap":{"0":{"type":"branch","line":14,"loc":{"start":{"line":14,"column":7},"end":{"line":43,"column":1}},"locations":[{"start":{"line":14,"column":7},"end":{"line":43,"column":1}}]},"1":{"type":"branch","line":18,"loc":{"start":{"line":18,"column":19},"end":{"line":19,"column":19}},"locations":[{"start":{"line":18,"column":19},"end":{"line":19,"column":19}}]},"2":{"type":"branch","line":19,"loc":{"start":{"line":19,"column":12},"end":{"line":20,"column":64}},"locations":[{"start":{"line":19,"column":12},"end":{"line":20,"column":64}}]},"3":{"type":"branch","line":21,"loc":{"start":{"line":21,"column":3},"end":{"line":23,"column":2}},"locations":[{"start":{"line":21,"column":3},"end":{"line":23,"column":2}}]},"4":{"type":"branch","line":23,"loc":{"start":{"line":23,"column":1},"end":{"line":28,"column":45}},"locations":[{"start":{"line":23,"column":1},"end":{"line":28,"column":45}}]},"5":{"type":"branch","line":28,"loc":{"start":{"line":28,"column":45},"end":{"line":30,"column":2}},"locations":[{"start":{"line":28,"column":45},"end":{"line":30,"column":2}}]},"6":{"type":"branch","line":30,"loc":{"start":{"line":30,"column":1},"end":{"line":31,"column":69}},"locations":[{"start":{"line":30,"column":1},"end":{"line":31,"column":69}}]},"7":{"type":"branch","line":31,"loc":{"start":{"line":31,"column":69},"end":{"line":36,"column":43}},"locations":[{"start":{"line":31,"column":69},"end":{"line":36,"column":43}}]},"8":{"type":"branch","line":31,"loc":{"start":{"line":31,"column":69},"end":{"line":33,"column":2}},"locations":[{"start":{"line":31,"column":69},"end":{"line":33,"column":2}}]},"9":{"type":"branch","line":33,"loc":{"start":{"line":33,"column":1},"end":{"line":35,"column":45}},"locations":[{"start":{"line":33,"column":1},"end":{"line":35,"column":45}}]},"10":{"type":"branch","line":35,"loc":{"start":{"line":35,"column":41},"end":{"line":36,"column":43}},"locations":[{"start":{"line":35,"column":41},"end":{"line":36,"column":43}}]},"11":{"type":"branch","line":36,"loc":{"start":{"line":36,"column":39},"end":{"line":37,"column":44}},"locations":[{"start":{"line":36,"column":39},"end":{"line":37,"column":44}}]},"12":{"type":"branch","line":38,"loc":{"start":{"line":38,"column":3},"end":{"line":43,"column":1}},"locations":[{"start":{"line":38,"column":3},"end":{"line":43,"column":1}}]},"13":{"type":"branch","line":38,"loc":{"start":{"line":38,"column":3},"end":{"line":40,"column":2}},"locations":[{"start":{"line":38,"column":3},"end":{"line":40,"column":2}}]},"14":{"type":"branch","line":40,"loc":{"start":{"line":40,"column":1},"end":{"line":43,"column":1}},"locations":[{"start":{"line":40,"column":1},"end":{"line":43,"column":1}}]}},"b":{"0":[136],"1":[135],"2":[134],"3":[4],"4":[132],"5":[1],"6":[131],"7":[76],"8":[61],"9":[70],"10":[33],"11":[32],"12":[76],"13":[63],"14":[7]},"fnMap":{"0":{"name":"getInstallationActiveStep","decl":{"start":{"line":14,"column":7},"end":{"line":43,"column":1}},"loc":{"start":{"line":14,"column":7},"end":{"line":43,"column":1}},"line":14}},"f":{"0":136}}
}
